<?xml version="1.0" encoding="UTF-8"?>
<coverage generated="1657789446631" clover="3.2.0">
  <project timestamp="1657789446631" name="All files">
    <metrics statements="178" coveredstatements="128" conditionals="84" coveredconditionals="23" methods="62" coveredmethods="25" elements="324" coveredelements="176" complexity="0" loc="178" ncloc="178" packages="21" files="49" classes="49"/>
    <package name="assets">
      <metrics statements="22" coveredstatements="22" conditionals="0" coveredconditionals="0" methods="0" coveredmethods="0"/>
      <file name="back.png" path="/Users/infi/Desktop/React-Native/Demo/React_task_coco/coco new/src/assets/back.png">
        <metrics statements="1" coveredstatements="1" conditionals="0" coveredconditionals="0" methods="0" coveredmethods="0"/>
        <line num="1" count="4" type="stmt"/>
      </file>
      <file name="blur.png" path="/Users/infi/Desktop/React-Native/Demo/React_task_coco/coco new/src/assets/blur.png">
        <metrics statements="1" coveredstatements="1" conditionals="0" coveredconditionals="0" methods="0" coveredmethods="0"/>
        <line num="1" count="4" type="stmt"/>
      </file>
      <file name="bookmark.png" path="/Users/infi/Desktop/React-Native/Demo/React_task_coco/coco new/src/assets/bookmark.png">
        <metrics statements="1" coveredstatements="1" conditionals="0" coveredconditionals="0" methods="0" coveredmethods="0"/>
        <line num="1" count="4" type="stmt"/>
      </file>
      <file name="cart.png" path="/Users/infi/Desktop/React-Native/Demo/React_task_coco/coco new/src/assets/cart.png">
        <metrics statements="1" coveredstatements="1" conditionals="0" coveredconditionals="0" methods="0" coveredmethods="0"/>
        <line num="1" count="4" type="stmt"/>
      </file>
      <file name="check.png" path="/Users/infi/Desktop/React-Native/Demo/React_task_coco/coco new/src/assets/check.png">
        <metrics statements="1" coveredstatements="1" conditionals="0" coveredconditionals="0" methods="0" coveredmethods="0"/>
        <line num="1" count="4" type="stmt"/>
      </file>
      <file name="clock.png" path="/Users/infi/Desktop/React-Native/Demo/React_task_coco/coco new/src/assets/clock.png">
        <metrics statements="1" coveredstatements="1" conditionals="0" coveredconditionals="0" methods="0" coveredmethods="0"/>
        <line num="1" count="4" type="stmt"/>
      </file>
      <file name="close.png" path="/Users/infi/Desktop/React-Native/Demo/React_task_coco/coco new/src/assets/close.png">
        <metrics statements="1" coveredstatements="1" conditionals="0" coveredconditionals="0" methods="0" coveredmethods="0"/>
        <line num="1" count="4" type="stmt"/>
      </file>
      <file name="filter.png" path="/Users/infi/Desktop/React-Native/Demo/React_task_coco/coco new/src/assets/filter.png">
        <metrics statements="1" coveredstatements="1" conditionals="0" coveredconditionals="0" methods="0" coveredmethods="0"/>
        <line num="1" count="4" type="stmt"/>
      </file>
      <file name="img1.jpg" path="/Users/infi/Desktop/React-Native/Demo/React_task_coco/coco new/src/assets/img1.jpg">
        <metrics statements="1" coveredstatements="1" conditionals="0" coveredconditionals="0" methods="0" coveredmethods="0"/>
        <line num="1" count="4" type="stmt"/>
      </file>
      <file name="img2.jpg" path="/Users/infi/Desktop/React-Native/Demo/React_task_coco/coco new/src/assets/img2.jpg">
        <metrics statements="1" coveredstatements="1" conditionals="0" coveredconditionals="0" methods="0" coveredmethods="0"/>
        <line num="1" count="4" type="stmt"/>
      </file>
      <file name="img3.jpeg" path="/Users/infi/Desktop/React-Native/Demo/React_task_coco/coco new/src/assets/img3.jpeg">
        <metrics statements="1" coveredstatements="1" conditionals="0" coveredconditionals="0" methods="0" coveredmethods="0"/>
        <line num="1" count="4" type="stmt"/>
      </file>
      <file name="img4.png" path="/Users/infi/Desktop/React-Native/Demo/React_task_coco/coco new/src/assets/img4.png">
        <metrics statements="1" coveredstatements="1" conditionals="0" coveredconditionals="0" methods="0" coveredmethods="0"/>
        <line num="1" count="4" type="stmt"/>
      </file>
      <file name="location.png" path="/Users/infi/Desktop/React-Native/Demo/React_task_coco/coco new/src/assets/location.png">
        <metrics statements="1" coveredstatements="1" conditionals="0" coveredconditionals="0" methods="0" coveredmethods="0"/>
        <line num="1" count="4" type="stmt"/>
      </file>
      <file name="menu.png" path="/Users/infi/Desktop/React-Native/Demo/React_task_coco/coco new/src/assets/menu.png">
        <metrics statements="1" coveredstatements="1" conditionals="0" coveredconditionals="0" methods="0" coveredmethods="0"/>
        <line num="1" count="4" type="stmt"/>
      </file>
      <file name="next.png" path="/Users/infi/Desktop/React-Native/Demo/React_task_coco/coco new/src/assets/next.png">
        <metrics statements="1" coveredstatements="1" conditionals="0" coveredconditionals="0" methods="0" coveredmethods="0"/>
        <line num="1" count="4" type="stmt"/>
      </file>
      <file name="search.png" path="/Users/infi/Desktop/React-Native/Demo/React_task_coco/coco new/src/assets/search.png">
        <metrics statements="1" coveredstatements="1" conditionals="0" coveredconditionals="0" methods="0" coveredmethods="0"/>
        <line num="1" count="4" type="stmt"/>
      </file>
      <file name="star.png" path="/Users/infi/Desktop/React-Native/Demo/React_task_coco/coco new/src/assets/star.png">
        <metrics statements="1" coveredstatements="1" conditionals="0" coveredconditionals="0" methods="0" coveredmethods="0"/>
        <line num="1" count="4" type="stmt"/>
      </file>
      <file name="tab1.png" path="/Users/infi/Desktop/React-Native/Demo/React_task_coco/coco new/src/assets/tab1.png">
        <metrics statements="1" coveredstatements="1" conditionals="0" coveredconditionals="0" methods="0" coveredmethods="0"/>
        <line num="1" count="4" type="stmt"/>
      </file>
      <file name="tab2.png" path="/Users/infi/Desktop/React-Native/Demo/React_task_coco/coco new/src/assets/tab2.png">
        <metrics statements="1" coveredstatements="1" conditionals="0" coveredconditionals="0" methods="0" coveredmethods="0"/>
        <line num="1" count="4" type="stmt"/>
      </file>
      <file name="tab3.png" path="/Users/infi/Desktop/React-Native/Demo/React_task_coco/coco new/src/assets/tab3.png">
        <metrics statements="1" coveredstatements="1" conditionals="0" coveredconditionals="0" methods="0" coveredmethods="0"/>
        <line num="1" count="4" type="stmt"/>
      </file>
      <file name="tab4.png" path="/Users/infi/Desktop/React-Native/Demo/React_task_coco/coco new/src/assets/tab4.png">
        <metrics statements="1" coveredstatements="1" conditionals="0" coveredconditionals="0" methods="0" coveredmethods="0"/>
        <line num="1" count="4" type="stmt"/>
      </file>
      <file name="user.png" path="/Users/infi/Desktop/React-Native/Demo/React_task_coco/coco new/src/assets/user.png">
        <metrics statements="1" coveredstatements="1" conditionals="0" coveredconditionals="0" methods="0" coveredmethods="0"/>
        <line num="1" count="4" type="stmt"/>
      </file>
    </package>
    <package name="component">
      <metrics statements="0" coveredstatements="0" conditionals="0" coveredconditionals="0" methods="0" coveredmethods="0"/>
      <file name="index.js" path="/Users/infi/Desktop/React-Native/Demo/React_task_coco/coco new/src/component/index.js">
        <metrics statements="0" coveredstatements="0" conditionals="0" coveredconditionals="0" methods="0" coveredmethods="0"/>
      </file>
    </package>
    <package name="component.button">
      <metrics statements="6" coveredstatements="3" conditionals="10" coveredconditionals="0" methods="2" coveredmethods="0"/>
      <file name="button.js" path="/Users/infi/Desktop/React-Native/Demo/React_task_coco/coco new/src/component/button/button.js">
        <metrics statements="6" coveredstatements="3" conditionals="10" coveredconditionals="0" methods="2" coveredmethods="0"/>
        <line num="6" count="4" type="stmt"/>
        <line num="38" count="0" type="stmt"/>
        <line num="39" count="0" type="stmt"/>
        <line num="47" count="0" type="stmt"/>
        <line num="69" count="4" type="stmt"/>
        <line num="77" count="4" type="stmt"/>
      </file>
    </package>
    <package name="component.header">
      <metrics statements="5" coveredstatements="3" conditionals="6" coveredconditionals="6" methods="3" coveredmethods="1"/>
      <file name="header.js" path="/Users/infi/Desktop/React-Native/Demo/React_task_coco/coco new/src/component/header/header.js">
        <metrics statements="5" coveredstatements="3" conditionals="6" coveredconditionals="6" methods="3" coveredmethods="1"/>
        <line num="7" count="4" type="stmt"/>
        <line num="29" count="4" type="stmt"/>
        <line num="30" count="3" type="stmt"/>
        <line num="39" count="0" type="stmt"/>
        <line num="52" count="0" type="stmt"/>
      </file>
    </package>
    <package name="component.image">
      <metrics statements="13" coveredstatements="4" conditionals="15" coveredconditionals="4" methods="6" coveredmethods="2"/>
      <file name="image.js" path="/Users/infi/Desktop/React-Native/Demo/React_task_coco/coco new/src/component/image/image.js">
        <metrics statements="2" coveredstatements="2" conditionals="1" coveredconditionals="0" methods="1" coveredmethods="1"/>
        <line num="5" count="6" type="cond" truecount="0" falsecount="1"/>
        <line num="7" count="6" type="stmt"/>
      </file>
      <file name="imageBackground.js" path="/Users/infi/Desktop/React-Native/Demo/React_task_coco/coco new/src/component/image/imageBackground.js">
        <metrics statements="8" coveredstatements="0" conditionals="4" coveredconditionals="0" methods="3" coveredmethods="0"/>
        <line num="4" count="0" type="stmt"/>
        <line num="5" count="0" type="stmt"/>
        <line num="6" count="0" type="stmt"/>
        <line num="7" count="0" type="stmt"/>
        <line num="13" count="0" type="stmt"/>
        <line num="14" count="0" type="stmt"/>
        <line num="28" count="0" type="stmt"/>
        <line num="29" count="0" type="stmt"/>
      </file>
      <file name="imageButton.js" path="/Users/infi/Desktop/React-Native/Demo/React_task_coco/coco new/src/component/image/imageButton.js">
        <metrics statements="3" coveredstatements="2" conditionals="10" coveredconditionals="4" methods="2" coveredmethods="1"/>
        <line num="24" count="6" type="stmt"/>
        <line num="25" count="6" type="stmt"/>
        <line num="32" count="0" type="stmt"/>
      </file>
    </package>
    <package name="component.input">
      <metrics statements="5" coveredstatements="5" conditionals="2" coveredconditionals="1" methods="1" coveredmethods="1"/>
      <file name="searchbar.js" path="/Users/infi/Desktop/React-Native/Demo/React_task_coco/coco new/src/component/input/searchbar.js">
        <metrics statements="5" coveredstatements="5" conditionals="2" coveredconditionals="1" methods="1" coveredmethods="1"/>
        <line num="12" count="4" type="stmt"/>
        <line num="32" count="4" type="stmt"/>
        <line num="33" count="2" type="stmt"/>
        <line num="34" count="2" type="cond" truecount="1" falsecount="1"/>
        <line num="35" count="2" type="stmt"/>
      </file>
    </package>
    <package name="component.modal">
      <metrics statements="17" coveredstatements="6" conditionals="6" coveredconditionals="0" methods="7" coveredmethods="1"/>
      <file name="multiSelect.js" path="/Users/infi/Desktop/React-Native/Demo/React_task_coco/coco new/src/component/modal/multiSelect.js">
        <metrics statements="17" coveredstatements="6" conditionals="6" coveredconditionals="0" methods="7" coveredmethods="1"/>
        <line num="9" count="1" type="stmt"/>
        <line num="13" count="1" type="stmt"/>
        <line num="14" count="0" type="stmt"/>
        <line num="15" count="0" type="cond" truecount="0" falsecount="2"/>
        <line num="16" count="0" type="stmt"/>
        <line num="17" count="0" type="stmt"/>
        <line num="20" count="0" type="stmt"/>
        <line num="22" count="0" type="stmt"/>
        <line num="26" count="1" type="stmt"/>
        <line num="27" count="1" type="stmt"/>
        <line num="28" count="1" type="stmt"/>
        <line num="58" count="0" type="stmt"/>
        <line num="61" count="0" type="stmt"/>
        <line num="73" count="0" type="stmt"/>
        <line num="74" count="0" type="stmt"/>
        <line num="76" count="0" type="stmt"/>
        <line num="84" count="4" type="stmt"/>
      </file>
    </package>
    <package name="component.safeAreaView">
      <metrics statements="9" coveredstatements="8" conditionals="14" coveredconditionals="7" methods="3" coveredmethods="3"/>
      <file name="appRoot.js" path="/Users/infi/Desktop/React-Native/Demo/React_task_coco/coco new/src/component/safeAreaView/appRoot.js">
        <metrics statements="2" coveredstatements="2" conditionals="0" coveredconditionals="0" methods="1" coveredmethods="1"/>
        <line num="3" count="4" type="stmt"/>
        <line num="4" count="4" type="stmt"/>
      </file>
      <file name="appSafeAreaView.js" path="/Users/infi/Desktop/React-Native/Demo/React_task_coco/coco new/src/component/safeAreaView/appSafeAreaView.js">
        <metrics statements="7" coveredstatements="6" conditionals="14" coveredconditionals="7" methods="2" coveredmethods="2"/>
        <line num="4" count="4" type="stmt"/>
        <line num="27" count="4" type="stmt"/>
        <line num="34" count="4" type="stmt"/>
        <line num="35" count="4" type="stmt"/>
        <line num="46" count="4" type="cond" truecount="1" falsecount="1"/>
        <line num="47" count="4" type="stmt"/>
        <line num="66" count="0" type="stmt"/>
      </file>
    </package>
    <package name="component.slider">
      <metrics statements="17" coveredstatements="12" conditionals="2" coveredconditionals="1" methods="4" coveredmethods="1"/>
      <file name="SliderEntry.js" path="/Users/infi/Desktop/React-Native/Demo/React_task_coco/coco new/src/component/slider/SliderEntry.js">
        <metrics statements="6" coveredstatements="1" conditionals="0" coveredconditionals="0" methods="3" coveredmethods="0"/>
        <line num="9" count="1" type="stmt"/>
        <line num="15" count="0" type="stmt"/>
        <line num="17" count="0" type="stmt"/>
        <line num="25" count="0" type="stmt"/>
        <line num="32" count="0" type="stmt"/>
        <line num="33" count="0" type="stmt"/>
      </file>
      <file name="SliderEntry.style.js" path="/Users/infi/Desktop/React-Native/Demo/React_task_coco/coco new/src/component/slider/SliderEntry.style.js">
        <metrics statements="10" coveredstatements="10" conditionals="2" coveredconditionals="1" methods="1" coveredmethods="1"/>
        <line num="6" count="1" type="stmt"/>
        <line num="8" count="1" type="stmt"/>
        <line num="11" count="2" type="stmt"/>
        <line num="12" count="2" type="stmt"/>
        <line num="15" count="1" type="stmt"/>
        <line num="16" count="1" type="stmt"/>
        <line num="17" count="1" type="stmt"/>
        <line num="19" count="1" type="stmt"/>
        <line num="20" count="1" type="stmt"/>
        <line num="22" count="1" type="stmt"/>
      </file>
      <file name="index.style.js" path="/Users/infi/Desktop/React-Native/Demo/React_task_coco/coco new/src/component/slider/index.style.js">
        <metrics statements="1" coveredstatements="1" conditionals="0" coveredconditionals="0" methods="0" coveredmethods="0"/>
        <line num="5" count="1" type="stmt"/>
      </file>
    </package>
    <package name="component.text">
      <metrics statements="2" coveredstatements="2" conditionals="3" coveredconditionals="2" methods="1" coveredmethods="1"/>
      <file name="textView.js" path="/Users/infi/Desktop/React-Native/Demo/React_task_coco/coco new/src/component/text/textView.js">
        <metrics statements="2" coveredstatements="2" conditionals="3" coveredconditionals="2" methods="1" coveredmethods="1"/>
        <line num="5" count="4" type="cond" truecount="1" falsecount="0"/>
        <line num="6" count="4" type="stmt"/>
      </file>
    </package>
    <package name="config">
      <metrics statements="12" coveredstatements="12" conditionals="0" coveredconditionals="0" methods="0" coveredmethods="0"/>
      <file name="appConstants.js" path="/Users/infi/Desktop/React-Native/Demo/React_task_coco/coco new/src/config/appConstants.js">
        <metrics statements="12" coveredstatements="12" conditionals="0" coveredconditionals="0" methods="0" coveredmethods="0"/>
        <line num="2" count="4" type="stmt"/>
        <line num="3" count="4" type="stmt"/>
        <line num="12" count="4" type="stmt"/>
        <line num="22" count="4" type="stmt"/>
        <line num="40" count="4" type="stmt"/>
        <line num="58" count="4" type="stmt"/>
        <line num="69" count="4" type="stmt"/>
        <line num="71" count="4" type="stmt"/>
        <line num="100" count="4" type="stmt"/>
        <line num="109" count="4" type="stmt"/>
        <line num="111" count="4" type="stmt"/>
        <line num="142" count="4" type="stmt"/>
      </file>
    </package>
    <package name="list">
      <metrics statements="7" coveredstatements="2" conditionals="18" coveredconditionals="0" methods="2" coveredmethods="0"/>
      <file name="userList.js" path="/Users/infi/Desktop/React-Native/Demo/React_task_coco/coco new/src/list/userList.js">
        <metrics statements="7" coveredstatements="2" conditionals="18" coveredconditionals="0" methods="2" coveredmethods="0"/>
        <line num="8" count="1" type="stmt"/>
        <line num="32" count="1" type="stmt"/>
        <line num="33" count="0" type="stmt"/>
        <line num="34" count="0" type="cond" truecount="0" falsecount="4"/>
        <line num="35" count="0" type="stmt"/>
        <line num="36" count="0" type="stmt"/>
        <line num="39" count="0" type="stmt"/>
      </file>
    </package>
    <package name="pages.account">
      <metrics statements="17" coveredstatements="11" conditionals="4" coveredconditionals="0" methods="8" coveredmethods="2"/>
      <file name="index.js" path="/Users/infi/Desktop/React-Native/Demo/React_task_coco/coco new/src/pages/account/index.js">
        <metrics statements="17" coveredstatements="11" conditionals="4" coveredconditionals="0" methods="8" coveredmethods="2"/>
        <line num="10" count="1" type="stmt"/>
        <line num="11" count="1" type="stmt"/>
        <line num="12" count="1" type="stmt"/>
        <line num="13" count="1" type="stmt"/>
        <line num="14" count="1" type="stmt"/>
        <line num="15" count="1" type="stmt"/>
        <line num="16" count="1" type="stmt"/>
        <line num="17" count="1" type="stmt"/>
        <line num="18" count="1" type="stmt"/>
        <line num="19" count="1" type="stmt"/>
        <line num="22" count="1" type="stmt"/>
        <line num="28" count="0" type="stmt"/>
        <line num="36" count="0" type="stmt"/>
        <line num="49" count="0" type="stmt"/>
        <line num="57" count="0" type="stmt"/>
        <line num="58" count="0" type="stmt"/>
        <line num="61" count="0" type="stmt"/>
      </file>
    </package>
    <package name="pages.cart">
      <metrics statements="2" coveredstatements="2" conditionals="0" coveredconditionals="0" methods="3" coveredmethods="1"/>
      <file name="index.js" path="/Users/infi/Desktop/React-Native/Demo/React_task_coco/coco new/src/pages/cart/index.js">
        <metrics statements="2" coveredstatements="2" conditionals="0" coveredconditionals="0" methods="3" coveredmethods="1"/>
        <line num="5" count="1" type="stmt"/>
        <line num="6" count="1" type="stmt"/>
      </file>
    </package>
    <package name="pages.home">
      <metrics statements="6" coveredstatements="4" conditionals="0" coveredconditionals="0" methods="5" coveredmethods="1"/>
      <file name="index.js" path="/Users/infi/Desktop/React-Native/Demo/React_task_coco/coco new/src/pages/home/index.js">
        <metrics statements="6" coveredstatements="4" conditionals="0" coveredconditionals="0" methods="5" coveredmethods="1"/>
        <line num="9" count="1" type="stmt"/>
        <line num="10" count="1" type="stmt"/>
        <line num="12" count="1" type="stmt"/>
        <line num="13" count="0" type="stmt"/>
        <line num="18" count="0" type="stmt"/>
        <line num="23" count="1" type="stmt"/>
      </file>
    </package>
    <package name="pages.menu">
      <metrics statements="2" coveredstatements="2" conditionals="0" coveredconditionals="0" methods="3" coveredmethods="1"/>
      <file name="index.js" path="/Users/infi/Desktop/React-Native/Demo/React_task_coco/coco new/src/pages/menu/index.js">
        <metrics statements="2" coveredstatements="2" conditionals="0" coveredconditionals="0" methods="3" coveredmethods="1"/>
        <line num="6" count="1" type="stmt"/>
        <line num="7" count="1" type="stmt"/>
      </file>
    </package>
    <package name="redux">
      <metrics statements="5" coveredstatements="5" conditionals="0" coveredconditionals="0" methods="1" coveredmethods="1"/>
      <file name="actionType.js" path="/Users/infi/Desktop/React-Native/Demo/React_task_coco/coco new/src/redux/actionType.js">
        <metrics statements="3" coveredstatements="3" conditionals="0" coveredconditionals="0" methods="0" coveredmethods="0"/>
        <line num="1" count="1" type="stmt"/>
        <line num="2" count="1" type="stmt"/>
        <line num="3" count="1" type="stmt"/>
      </file>
      <file name="configureStore.js" path="/Users/infi/Desktop/React-Native/Demo/React_task_coco/coco new/src/redux/configureStore.js">
        <metrics statements="2" coveredstatements="2" conditionals="0" coveredconditionals="0" methods="1" coveredmethods="1"/>
        <line num="5" count="1" type="stmt"/>
        <line num="6" count="1" type="stmt"/>
      </file>
    </package>
    <package name="redux.actions">
      <metrics statements="19" coveredstatements="15" conditionals="0" coveredconditionals="0" methods="9" coveredmethods="5"/>
      <file name="homeAction.js" path="/Users/infi/Desktop/React-Native/Demo/React_task_coco/coco new/src/redux/actions/homeAction.js">
        <metrics statements="19" coveredstatements="15" conditionals="0" coveredconditionals="0" methods="9" coveredmethods="5"/>
        <line num="3" count="1" type="stmt"/>
        <line num="4" count="1" type="stmt"/>
        <line num="5" count="1" type="stmt"/>
        <line num="6" count="1" type="stmt"/>
        <line num="7" count="1" type="stmt"/>
        <line num="11" count="0" type="stmt"/>
        <line num="14" count="1" type="stmt"/>
        <line num="19" count="1" type="stmt"/>
        <line num="20" count="1" type="stmt"/>
        <line num="21" count="1" type="stmt"/>
        <line num="22" count="1" type="stmt"/>
        <line num="26" count="0" type="stmt"/>
        <line num="29" count="1" type="stmt"/>
        <line num="34" count="1" type="stmt"/>
        <line num="35" count="2" type="stmt"/>
        <line num="37" count="1" type="stmt"/>
        <line num="38" count="0" type="stmt"/>
        <line num="41" count="1" type="stmt"/>
        <line num="42" count="0" type="stmt"/>
      </file>
    </package>
    <package name="redux.reducers">
      <metrics statements="8" coveredstatements="6" conditionals="4" coveredconditionals="2" methods="1" coveredmethods="1"/>
      <file name="home.js" path="/Users/infi/Desktop/React-Native/Demo/React_task_coco/coco new/src/redux/reducers/home.js">
        <metrics statements="7" coveredstatements="5" conditionals="4" coveredconditionals="2" methods="1" coveredmethods="1"/>
        <line num="3" count="1" type="stmt"/>
        <line num="9" count="1" type="cond" truecount="1" falsecount="0"/>
        <line num="10" count="5" type="cond" truecount="1" falsecount="2"/>
        <line num="12" count="2" type="stmt"/>
        <line num="17" count="0" type="stmt"/>
        <line num="23" count="0" type="stmt"/>
        <line num="28" count="3" type="stmt"/>
      </file>
      <file name="rootReducer.js" path="/Users/infi/Desktop/React-Native/Demo/React_task_coco/coco new/src/redux/reducers/rootReducer.js">
        <metrics statements="1" coveredstatements="1" conditionals="0" coveredconditionals="0" methods="0" coveredmethods="0"/>
        <line num="3" count="1" type="stmt"/>
      </file>
    </package>
    <package name="redux.selectors">
      <metrics statements="3" coveredstatements="3" conditionals="0" coveredconditionals="0" methods="3" coveredmethods="3"/>
      <file name="homeSelectors.js" path="/Users/infi/Desktop/React-Native/Demo/React_task_coco/coco new/src/redux/selectors/homeSelectors.js">
        <metrics statements="3" coveredstatements="3" conditionals="0" coveredconditionals="0" methods="3" coveredmethods="3"/>
        <line num="1" count="3" type="stmt"/>
        <line num="2" count="3" type="stmt"/>
        <line num="3" count="3" type="stmt"/>
      </file>
    </package>
    <package name="styles">
      <metrics statements="1" coveredstatements="1" conditionals="0" coveredconditionals="0" methods="0" coveredmethods="0"/>
      <file name="commonStyle.js" path="/Users/infi/Desktop/React-Native/Demo/React_task_coco/coco new/src/styles/commonStyle.js">
        <metrics statements="1" coveredstatements="1" conditionals="0" coveredconditionals="0" methods="0" coveredmethods="0"/>
        <line num="3" count="4" type="stmt"/>
      </file>
    </package>
  </project>
</coverage>
