{"/Users/infi/Desktop/React-Native/Demo/React_task_coco/coco new/src/assets/back.png": {"path":"/Users/infi/Desktop/React-Native/Demo/React_task_coco/coco new/src/assets/back.png","statementMap":{"0":{"start":{"line":1,"column":0},"end":{"line":4,"column":6}}},"fnMap":{},"branchMap":{},"s":{"0":4},"f":{},"b":{},"inputSourceMap":null,"_coverageSchema":"1a1c01bbd47fc00a2c39e90264f33305004495a9","hash":"f00bef10c488afa962c499e3efe3ea408f90105a"}
,"/Users/infi/Desktop/React-Native/Demo/React_task_coco/coco new/src/assets/blur.png": {"path":"/Users/infi/Desktop/React-Native/Demo/React_task_coco/coco new/src/assets/blur.png","statementMap":{"0":{"start":{"line":1,"column":0},"end":{"line":4,"column":6}}},"fnMap":{},"branchMap":{},"s":{"0":4},"f":{},"b":{},"inputSourceMap":null,"_coverageSchema":"1a1c01bbd47fc00a2c39e90264f33305004495a9","hash":"58730753d5a7f8738523dbe313693b745a4f384c"}
,"/Users/infi/Desktop/React-Native/Demo/React_task_coco/coco new/src/assets/bookmark.png": {"path":"/Users/infi/Desktop/React-Native/Demo/React_task_coco/coco new/src/assets/bookmark.png","statementMap":{"0":{"start":{"line":1,"column":0},"end":{"line":4,"column":6}}},"fnMap":{},"branchMap":{},"s":{"0":4},"f":{},"b":{},"inputSourceMap":null,"_coverageSchema":"1a1c01bbd47fc00a2c39e90264f33305004495a9","hash":"d2f921314688365552c1ba8cc9bcbef734fd3543"}
,"/Users/infi/Desktop/React-Native/Demo/React_task_coco/coco new/src/assets/cart.png": {"path":"/Users/infi/Desktop/React-Native/Demo/React_task_coco/coco new/src/assets/cart.png","statementMap":{"0":{"start":{"line":1,"column":0},"end":{"line":4,"column":6}}},"fnMap":{},"branchMap":{},"s":{"0":4},"f":{},"b":{},"inputSourceMap":null,"_coverageSchema":"1a1c01bbd47fc00a2c39e90264f33305004495a9","hash":"4a9e8195b28044e0041fa7fd798af89c3a052739"}
,"/Users/infi/Desktop/React-Native/Demo/React_task_coco/coco new/src/assets/check.png": {"path":"/Users/infi/Desktop/React-Native/Demo/React_task_coco/coco new/src/assets/check.png","statementMap":{"0":{"start":{"line":1,"column":0},"end":{"line":4,"column":6}}},"fnMap":{},"branchMap":{},"s":{"0":4},"f":{},"b":{},"inputSourceMap":null,"_coverageSchema":"1a1c01bbd47fc00a2c39e90264f33305004495a9","hash":"957affff90bb07279e26bbbf7b59976badd15a89"}
,"/Users/infi/Desktop/React-Native/Demo/React_task_coco/coco new/src/assets/clock.png": {"path":"/Users/infi/Desktop/React-Native/Demo/React_task_coco/coco new/src/assets/clock.png","statementMap":{"0":{"start":{"line":1,"column":0},"end":{"line":4,"column":6}}},"fnMap":{},"branchMap":{},"s":{"0":4},"f":{},"b":{},"inputSourceMap":null,"_coverageSchema":"1a1c01bbd47fc00a2c39e90264f33305004495a9","hash":"2de7420588fb7aa4c13b96826e4252a319acde3d"}
,"/Users/infi/Desktop/React-Native/Demo/React_task_coco/coco new/src/assets/close.png": {"path":"/Users/infi/Desktop/React-Native/Demo/React_task_coco/coco new/src/assets/close.png","statementMap":{"0":{"start":{"line":1,"column":0},"end":{"line":4,"column":6}}},"fnMap":{},"branchMap":{},"s":{"0":4},"f":{},"b":{},"inputSourceMap":null,"_coverageSchema":"1a1c01bbd47fc00a2c39e90264f33305004495a9","hash":"e5d715f7313df866d3ebc6801e3a09b2b169afe1"}
,"/Users/infi/Desktop/React-Native/Demo/React_task_coco/coco new/src/assets/filter.png": {"path":"/Users/infi/Desktop/React-Native/Demo/React_task_coco/coco new/src/assets/filter.png","statementMap":{"0":{"start":{"line":1,"column":0},"end":{"line":4,"column":6}}},"fnMap":{},"branchMap":{},"s":{"0":4},"f":{},"b":{},"inputSourceMap":null,"_coverageSchema":"1a1c01bbd47fc00a2c39e90264f33305004495a9","hash":"0afd56284b115f518a07c7a6709a8ec6677551bb"}
,"/Users/infi/Desktop/React-Native/Demo/React_task_coco/coco new/src/assets/img1.jpg": {"path":"/Users/infi/Desktop/React-Native/Demo/React_task_coco/coco new/src/assets/img1.jpg","statementMap":{"0":{"start":{"line":1,"column":0},"end":{"line":4,"column":6}}},"fnMap":{},"branchMap":{},"s":{"0":4},"f":{},"b":{},"inputSourceMap":null,"_coverageSchema":"1a1c01bbd47fc00a2c39e90264f33305004495a9","hash":"e10d6d2406367b2d4f300316c60a9c239b13e09a"}
,"/Users/infi/Desktop/React-Native/Demo/React_task_coco/coco new/src/assets/img2.jpg": {"path":"/Users/infi/Desktop/React-Native/Demo/React_task_coco/coco new/src/assets/img2.jpg","statementMap":{"0":{"start":{"line":1,"column":0},"end":{"line":4,"column":6}}},"fnMap":{},"branchMap":{},"s":{"0":4},"f":{},"b":{},"inputSourceMap":null,"_coverageSchema":"1a1c01bbd47fc00a2c39e90264f33305004495a9","hash":"61b104efa6d612acc46cbab3651e0b56cd2a1184"}
,"/Users/infi/Desktop/React-Native/Demo/React_task_coco/coco new/src/assets/img3.jpeg": {"path":"/Users/infi/Desktop/React-Native/Demo/React_task_coco/coco new/src/assets/img3.jpeg","statementMap":{"0":{"start":{"line":1,"column":0},"end":{"line":4,"column":6}}},"fnMap":{},"branchMap":{},"s":{"0":4},"f":{},"b":{},"inputSourceMap":null,"_coverageSchema":"1a1c01bbd47fc00a2c39e90264f33305004495a9","hash":"173ce1618c9ecaf0f2d80ec70a9299cf9f878a4f"}
,"/Users/infi/Desktop/React-Native/Demo/React_task_coco/coco new/src/assets/img4.png": {"path":"/Users/infi/Desktop/React-Native/Demo/React_task_coco/coco new/src/assets/img4.png","statementMap":{"0":{"start":{"line":1,"column":0},"end":{"line":4,"column":6}}},"fnMap":{},"branchMap":{},"s":{"0":4},"f":{},"b":{},"inputSourceMap":null,"_coverageSchema":"1a1c01bbd47fc00a2c39e90264f33305004495a9","hash":"86ab970d4dd301a4287ba3d4e82d01751d363468"}
,"/Users/infi/Desktop/React-Native/Demo/React_task_coco/coco new/src/assets/location.png": {"path":"/Users/infi/Desktop/React-Native/Demo/React_task_coco/coco new/src/assets/location.png","statementMap":{"0":{"start":{"line":1,"column":0},"end":{"line":4,"column":6}}},"fnMap":{},"branchMap":{},"s":{"0":4},"f":{},"b":{},"inputSourceMap":null,"_coverageSchema":"1a1c01bbd47fc00a2c39e90264f33305004495a9","hash":"0672db486d420730a84fd132ea0be70d4e64100c"}
,"/Users/infi/Desktop/React-Native/Demo/React_task_coco/coco new/src/assets/menu.png": {"path":"/Users/infi/Desktop/React-Native/Demo/React_task_coco/coco new/src/assets/menu.png","statementMap":{"0":{"start":{"line":1,"column":0},"end":{"line":4,"column":6}}},"fnMap":{},"branchMap":{},"s":{"0":4},"f":{},"b":{},"inputSourceMap":null,"_coverageSchema":"1a1c01bbd47fc00a2c39e90264f33305004495a9","hash":"435c4fb9aa2b93fd675fb31f2f46b8ef2749f200"}
,"/Users/infi/Desktop/React-Native/Demo/React_task_coco/coco new/src/assets/next.png": {"path":"/Users/infi/Desktop/React-Native/Demo/React_task_coco/coco new/src/assets/next.png","statementMap":{"0":{"start":{"line":1,"column":0},"end":{"line":4,"column":6}}},"fnMap":{},"branchMap":{},"s":{"0":4},"f":{},"b":{},"inputSourceMap":null,"_coverageSchema":"1a1c01bbd47fc00a2c39e90264f33305004495a9","hash":"7b416680b16b1140fb2a8fbb8682bc0a7778d10b"}
,"/Users/infi/Desktop/React-Native/Demo/React_task_coco/coco new/src/assets/search.png": {"path":"/Users/infi/Desktop/React-Native/Demo/React_task_coco/coco new/src/assets/search.png","statementMap":{"0":{"start":{"line":1,"column":0},"end":{"line":4,"column":6}}},"fnMap":{},"branchMap":{},"s":{"0":4},"f":{},"b":{},"inputSourceMap":null,"_coverageSchema":"1a1c01bbd47fc00a2c39e90264f33305004495a9","hash":"96911c5f71ef2091752ea421fc1b0aa24ddd39f3"}
,"/Users/infi/Desktop/React-Native/Demo/React_task_coco/coco new/src/assets/star.png": {"path":"/Users/infi/Desktop/React-Native/Demo/React_task_coco/coco new/src/assets/star.png","statementMap":{"0":{"start":{"line":1,"column":0},"end":{"line":4,"column":6}}},"fnMap":{},"branchMap":{},"s":{"0":4},"f":{},"b":{},"inputSourceMap":null,"_coverageSchema":"1a1c01bbd47fc00a2c39e90264f33305004495a9","hash":"198bb82935c9c4e8090e1a7db519a12c31b84a3f"}
,"/Users/infi/Desktop/React-Native/Demo/React_task_coco/coco new/src/assets/tab1.png": {"path":"/Users/infi/Desktop/React-Native/Demo/React_task_coco/coco new/src/assets/tab1.png","statementMap":{"0":{"start":{"line":1,"column":0},"end":{"line":4,"column":6}}},"fnMap":{},"branchMap":{},"s":{"0":4},"f":{},"b":{},"inputSourceMap":null,"_coverageSchema":"1a1c01bbd47fc00a2c39e90264f33305004495a9","hash":"d7ae1841d9b968ce0271a1b4f6efe5c3d52a305b"}
,"/Users/infi/Desktop/React-Native/Demo/React_task_coco/coco new/src/assets/tab2.png": {"path":"/Users/infi/Desktop/React-Native/Demo/React_task_coco/coco new/src/assets/tab2.png","statementMap":{"0":{"start":{"line":1,"column":0},"end":{"line":4,"column":6}}},"fnMap":{},"branchMap":{},"s":{"0":4},"f":{},"b":{},"inputSourceMap":null,"_coverageSchema":"1a1c01bbd47fc00a2c39e90264f33305004495a9","hash":"99fd524e52875c1c848b71c125cefa516fc9db10"}
,"/Users/infi/Desktop/React-Native/Demo/React_task_coco/coco new/src/assets/tab3.png": {"path":"/Users/infi/Desktop/React-Native/Demo/React_task_coco/coco new/src/assets/tab3.png","statementMap":{"0":{"start":{"line":1,"column":0},"end":{"line":4,"column":6}}},"fnMap":{},"branchMap":{},"s":{"0":4},"f":{},"b":{},"inputSourceMap":null,"_coverageSchema":"1a1c01bbd47fc00a2c39e90264f33305004495a9","hash":"80799896c0a881dd85a72e71db94acfbdded3363"}
,"/Users/infi/Desktop/React-Native/Demo/React_task_coco/coco new/src/assets/tab4.png": {"path":"/Users/infi/Desktop/React-Native/Demo/React_task_coco/coco new/src/assets/tab4.png","statementMap":{"0":{"start":{"line":1,"column":0},"end":{"line":4,"column":6}}},"fnMap":{},"branchMap":{},"s":{"0":4},"f":{},"b":{},"inputSourceMap":null,"_coverageSchema":"1a1c01bbd47fc00a2c39e90264f33305004495a9","hash":"95ab16f3320c5cafdc3f02b6ceb02a14dce0d00e"}
,"/Users/infi/Desktop/React-Native/Demo/React_task_coco/coco new/src/assets/user.png": {"path":"/Users/infi/Desktop/React-Native/Demo/React_task_coco/coco new/src/assets/user.png","statementMap":{"0":{"start":{"line":1,"column":0},"end":{"line":4,"column":6}}},"fnMap":{},"branchMap":{},"s":{"0":4},"f":{},"b":{},"inputSourceMap":null,"_coverageSchema":"1a1c01bbd47fc00a2c39e90264f33305004495a9","hash":"d0a7f52f61bb308e1ff7b4d009487f67280bb976"}
,"/Users/infi/Desktop/React-Native/Demo/React_task_coco/coco new/src/component/index.js": {"path":"/Users/infi/Desktop/React-Native/Demo/React_task_coco/coco new/src/component/index.js","statementMap":{},"fnMap":{},"branchMap":{},"s":{},"f":{},"b":{},"_coverageSchema":"1a1c01bbd47fc00a2c39e90264f33305004495a9","hash":"eddfbd9409b2f6dfc28e1b359606261497edde58"}
,"/Users/infi/Desktop/React-Native/Demo/React_task_coco/coco new/src/component/button/button.js": {"path":"/Users/infi/Desktop/React-Native/Demo/React_task_coco/coco new/src/component/button/button.js","statementMap":{"0":{"start":{"line":6,"column":18},"end":{"line":25,"column":2}},"1":{"start":{"line":38,"column":8},"end":{"line":38,"column":18}},"2":{"start":{"line":39,"column":4},"end":{"line":65,"column":6}},"3":{"start":{"line":47,"column":16},"end":{"line":47,"column":28}},"4":{"start":{"line":69,"column":0},"end":{"line":75,"column":2}},"5":{"start":{"line":77,"column":0},"end":{"line":79,"column":2}}},"fnMap":{"0":{"name":"(anonymous_0)","decl":{"start":{"line":28,"column":2},"end":{"line":28,"column":3}},"loc":{"start":{"line":28,"column":11},"end":{"line":66,"column":3}},"line":28},"1":{"name":"(anonymous_1)","decl":{"start":{"line":46,"column":14},"end":{"line":46,"column":15}},"loc":{"start":{"line":46,"column":20},"end":{"line":48,"column":15}},"line":46}},"branchMap":{"0":{"loc":{"start":{"line":42,"column":23},"end":{"line":42,"column":40}},"type":"cond-expr","locations":[{"start":{"line":42,"column":33},"end":{"line":42,"column":34}},{"start":{"line":42,"column":37},"end":{"line":42,"column":40}}],"line":42},"1":{"loc":{"start":{"line":44,"column":10},"end":{"line":48,"column":15}},"type":"cond-expr","locations":[{"start":{"line":45,"column":14},"end":{"line":45,"column":18}},{"start":{"line":46,"column":14},"end":{"line":48,"column":15}}],"line":44},"2":{"loc":{"start":{"line":51,"column":9},"end":{"line":63,"column":9}},"type":"cond-expr","locations":[{"start":{"line":52,"column":10},"end":{"line":52,"column":65}},{"start":{"line":54,"column":10},"end":{"line":62,"column":12}}],"line":51},"3":{"loc":{"start":{"line":56,"column":19},"end":{"line":56,"column":35}},"type":"binary-expr","locations":[{"start":{"line":56,"column":19},"end":{"line":56,"column":27}},{"start":{"line":56,"column":31},"end":{"line":56,"column":35}}],"line":56},"4":{"loc":{"start":{"line":60,"column":23},"end":{"line":60,"column":51}},"type":"cond-expr","locations":[{"start":{"line":60,"column":31},"end":{"line":60,"column":36}},{"start":{"line":60,"column":39},"end":{"line":60,"column":51}}],"line":60}},"s":{"0":4,"1":0,"2":0,"3":0,"4":4,"5":4},"f":{"0":0,"1":0},"b":{"0":[0,0],"1":[0,0],"2":[0,0],"3":[0,0],"4":[0,0]},"_coverageSchema":"1a1c01bbd47fc00a2c39e90264f33305004495a9","hash":"c52b131ccbb2f53f920cf638812962f871e1d017"}
,"/Users/infi/Desktop/React-Native/Demo/React_task_coco/coco new/src/component/header/header.js": {"path":"/Users/infi/Desktop/React-Native/Demo/React_task_coco/coco new/src/component/header/header.js","statementMap":{"0":{"start":{"line":7,"column":10},"end":{"line":28,"column":2}},"1":{"start":{"line":29,"column":18},"end":{"line":59,"column":1}},"2":{"start":{"line":30,"column":2},"end":{"line":58,"column":4}},"3":{"start":{"line":39,"column":12},"end":{"line":39,"column":25}},"4":{"start":{"line":52,"column":12},"end":{"line":52,"column":25}}},"fnMap":{"0":{"name":"(anonymous_0)","decl":{"start":{"line":29,"column":18},"end":{"line":29,"column":19}},"loc":{"start":{"line":29,"column":67},"end":{"line":59,"column":1}},"line":29},"1":{"name":"(anonymous_1)","decl":{"start":{"line":38,"column":19},"end":{"line":38,"column":20}},"loc":{"start":{"line":38,"column":25},"end":{"line":40,"column":11}},"line":38},"2":{"name":"(anonymous_2)","decl":{"start":{"line":51,"column":19},"end":{"line":51,"column":20}},"loc":{"start":{"line":51,"column":25},"end":{"line":53,"column":11}},"line":51}},"branchMap":{"0":{"loc":{"start":{"line":32,"column":7},"end":{"line":43,"column":7}},"type":"binary-expr","locations":[{"start":{"line":32,"column":7},"end":{"line":32,"column":17}},{"start":{"line":33,"column":8},"end":{"line":42,"column":10}}],"line":32},"1":{"loc":{"start":{"line":44,"column":19},"end":{"line":44,"column":36}},"type":"binary-expr","locations":[{"start":{"line":44,"column":19},"end":{"line":44,"column":27}},{"start":{"line":44,"column":31},"end":{"line":44,"column":36}}],"line":44},"2":{"loc":{"start":{"line":45,"column":7},"end":{"line":56,"column":7}},"type":"binary-expr","locations":[{"start":{"line":45,"column":7},"end":{"line":45,"column":18}},{"start":{"line":46,"column":8},"end":{"line":55,"column":10}}],"line":45}},"s":{"0":4,"1":4,"2":3,"3":0,"4":0},"f":{"0":3,"1":0,"2":0},"b":{"0":[3,3],"1":[3,3],"2":[3,3]},"_coverageSchema":"1a1c01bbd47fc00a2c39e90264f33305004495a9","hash":"9723d4fe40d7ba584b6c8aa42e99086c2f0518ea"}
,"/Users/infi/Desktop/React-Native/Demo/React_task_coco/coco new/src/component/image/image.js": {"path":"/Users/infi/Desktop/React-Native/Demo/React_task_coco/coco new/src/component/image/image.js","statementMap":{"0":{"start":{"line":5,"column":48},"end":{"line":5,"column":58}},"1":{"start":{"line":7,"column":4},"end":{"line":21,"column":6}}},"fnMap":{"0":{"name":"(anonymous_0)","decl":{"start":{"line":4,"column":2},"end":{"line":4,"column":3}},"loc":{"start":{"line":4,"column":11},"end":{"line":22,"column":3}},"line":4}},"branchMap":{"0":{"loc":{"start":{"line":5,"column":12},"end":{"line":5,"column":22}},"type":"default-arg","locations":[{"start":{"line":5,"column":20},"end":{"line":5,"column":22}}],"line":5}},"s":{"0":6,"1":6},"f":{"0":6},"b":{"0":[0]},"_coverageSchema":"1a1c01bbd47fc00a2c39e90264f33305004495a9","hash":"7625ff82fa0006c116a6c5bb3e727bce7f2fc9b6"}
,"/Users/infi/Desktop/React-Native/Demo/React_task_coco/coco new/src/component/image/imageBackground.js": {"path":"/Users/infi/Desktop/React-Native/Demo/React_task_coco/coco new/src/component/image/imageBackground.js","statementMap":{"0":{"start":{"line":4,"column":22},"end":{"line":4,"column":43}},"1":{"start":{"line":5,"column":18},"end":{"line":5,"column":39}},"2":{"start":{"line":6,"column":24},"end":{"line":11,"column":3}},"3":{"start":{"line":7,"column":4},"end":{"line":10,"column":15}},"4":{"start":{"line":13,"column":16},"end":{"line":18,"column":3}},"5":{"start":{"line":14,"column":4},"end":{"line":17,"column":15}},"6":{"start":{"line":28,"column":8},"end":{"line":28,"column":18}},"7":{"start":{"line":29,"column":4},"end":{"line":69,"column":6}}},"fnMap":{"0":{"name":"(anonymous_0)","decl":{"start":{"line":6,"column":24},"end":{"line":6,"column":25}},"loc":{"start":{"line":6,"column":30},"end":{"line":11,"column":3}},"line":6},"1":{"name":"(anonymous_1)","decl":{"start":{"line":13,"column":16},"end":{"line":13,"column":17}},"loc":{"start":{"line":13,"column":22},"end":{"line":18,"column":3}},"line":13},"2":{"name":"(anonymous_2)","decl":{"start":{"line":19,"column":2},"end":{"line":19,"column":3}},"loc":{"start":{"line":19,"column":11},"end":{"line":70,"column":3}},"line":19}},"branchMap":{"0":{"loc":{"start":{"line":22,"column":6},"end":{"line":22,"column":16}},"type":"default-arg","locations":[{"start":{"line":22,"column":14},"end":{"line":22,"column":16}}],"line":22},"1":{"loc":{"start":{"line":26,"column":6},"end":{"line":26,"column":26}},"type":"default-arg","locations":[{"start":{"line":26,"column":24},"end":{"line":26,"column":26}}],"line":26},"2":{"loc":{"start":{"line":34,"column":31},"end":{"line":34,"column":67}},"type":"cond-expr","locations":[{"start":{"line":34,"column":43},"end":{"line":34,"column":55}},{"start":{"line":34,"column":58},"end":{"line":34,"column":67}}],"line":34}},"s":{"0":0,"1":0,"2":0,"3":0,"4":0,"5":0,"6":0,"7":0},"f":{"0":0,"1":0,"2":0},"b":{"0":[0],"1":[0],"2":[0,0]},"_coverageSchema":"1a1c01bbd47fc00a2c39e90264f33305004495a9","hash":"71053f7a4f24f58fb9ea1c3f55a565ea9f7d8d8e"}
,"/Users/infi/Desktop/React-Native/Demo/React_task_coco/coco new/src/component/image/imageButton.js": {"path":"/Users/infi/Desktop/React-Native/Demo/React_task_coco/coco new/src/component/image/imageButton.js","statementMap":{"0":{"start":{"line":24,"column":8},"end":{"line":24,"column":18}},"1":{"start":{"line":25,"column":4},"end":{"line":60,"column":6}},"2":{"start":{"line":32,"column":25},"end":{"line":32,"column":34}}},"fnMap":{"0":{"name":"(anonymous_0)","decl":{"start":{"line":7,"column":2},"end":{"line":7,"column":3}},"loc":{"start":{"line":7,"column":11},"end":{"line":61,"column":3}},"line":7},"1":{"name":"(anonymous_1)","decl":{"start":{"line":32,"column":19},"end":{"line":32,"column":20}},"loc":{"start":{"line":32,"column":25},"end":{"line":32,"column":34}},"line":32}},"branchMap":{"0":{"loc":{"start":{"line":18,"column":6},"end":{"line":18,"column":18}},"type":"default-arg","locations":[{"start":{"line":18,"column":16},"end":{"line":18,"column":18}}],"line":18},"1":{"loc":{"start":{"line":22,"column":6},"end":{"line":22,"column":43}},"type":"default-arg","locations":[{"start":{"line":22,"column":27},"end":{"line":22,"column":43}}],"line":22},"2":{"loc":{"start":{"line":36,"column":11},"end":{"line":57,"column":11}},"type":"cond-expr","locations":[{"start":{"line":37,"column":12},"end":{"line":41,"column":14}},{"start":{"line":43,"column":12},"end":{"line":56,"column":15}}],"line":36},"3":{"loc":{"start":{"line":40,"column":21},"end":{"line":40,"column":56}},"type":"cond-expr","locations":[{"start":{"line":40,"column":29},"end":{"line":40,"column":41}},{"start":{"line":40,"column":44},"end":{"line":40,"column":56}}],"line":40},"4":{"loc":{"start":{"line":44,"column":15},"end":{"line":55,"column":15}},"type":"cond-expr","locations":[{"start":{"line":45,"column":16},"end":{"line":47,"column":23}},{"start":{"line":49,"column":16},"end":{"line":54,"column":18}}],"line":44},"5":{"loc":{"start":{"line":51,"column":30},"end":{"line":51,"column":65}},"type":"cond-expr","locations":[{"start":{"line":51,"column":43},"end":{"line":51,"column":53}},{"start":{"line":51,"column":56},"end":{"line":51,"column":65}}],"line":51}},"s":{"0":6,"1":6,"2":0},"f":{"0":6,"1":0},"b":{"0":[0],"1":[6],"2":[0,6],"3":[0,0],"4":[0,6],"5":[0,6]},"_coverageSchema":"1a1c01bbd47fc00a2c39e90264f33305004495a9","hash":"17e32a061714af7df6df738ebabc9cceaa552af4"}
,"/Users/infi/Desktop/React-Native/Demo/React_task_coco/coco new/src/component/input/searchbar.js": {"path":"/Users/infi/Desktop/React-Native/Demo/React_task_coco/coco new/src/component/input/searchbar.js","statementMap":{"0":{"start":{"line":12,"column":18},"end":{"line":31,"column":2}},"1":{"start":{"line":32,"column":18},"end":{"line":56,"column":1}},"2":{"start":{"line":33,"column":33},"end":{"line":33,"column":38}},"3":{"start":{"line":34,"column":19},"end":{"line":34,"column":55}},"4":{"start":{"line":35,"column":2},"end":{"line":55,"column":4}}},"fnMap":{"0":{"name":"(anonymous_0)","decl":{"start":{"line":32,"column":18},"end":{"line":32,"column":19}},"loc":{"start":{"line":32,"column":29},"end":{"line":56,"column":1}},"line":32}},"branchMap":{"0":{"loc":{"start":{"line":34,"column":19},"end":{"line":34,"column":55}},"type":"cond-expr","locations":[{"start":{"line":34,"column":31},"end":{"line":34,"column":40}},{"start":{"line":34,"column":43},"end":{"line":34,"column":55}}],"line":34}},"s":{"0":4,"1":4,"2":2,"3":2,"4":2},"f":{"0":2},"b":{"0":[2,0]},"_coverageSchema":"1a1c01bbd47fc00a2c39e90264f33305004495a9","hash":"aa7915cfccd9a910a63ea789ccc159f306081af3"}
,"/Users/infi/Desktop/React-Native/Demo/React_task_coco/coco new/src/component/modal/multiSelect.js": {"path":"/Users/infi/Desktop/React-Native/Demo/React_task_coco/coco new/src/component/modal/multiSelect.js","statementMap":{"0":{"start":{"line":9,"column":10},"end":{"line":11,"column":3}},"1":{"start":{"line":13,"column":20},"end":{"line":23,"column":3}},"2":{"start":{"line":14,"column":23},"end":{"line":14,"column":33}},"3":{"start":{"line":15,"column":4},"end":{"line":21,"column":5}},"4":{"start":{"line":16,"column":14},"end":{"line":16,"column":36}},"5":{"start":{"line":17,"column":6},"end":{"line":17,"column":27}},"6":{"start":{"line":20,"column":6},"end":{"line":20,"column":25}},"7":{"start":{"line":22,"column":4},"end":{"line":22,"column":31}},"8":{"start":{"line":26,"column":47},"end":{"line":26,"column":57}},"9":{"start":{"line":27,"column":25},"end":{"line":27,"column":35}},"10":{"start":{"line":28,"column":4},"end":{"line":80,"column":6}},"11":{"start":{"line":58,"column":16},"end":{"line":71,"column":35}},"12":{"start":{"line":61,"column":33},"end":{"line":61,"column":66}},"13":{"start":{"line":73,"column":36},"end":{"line":73,"column":43}},"14":{"start":{"line":74,"column":44},"end":{"line":74,"column":72}},"15":{"start":{"line":76,"column":88},"end":{"line":76,"column":105}},"16":{"start":{"line":84,"column":0},"end":{"line":89,"column":2}}},"fnMap":{"0":{"name":"(anonymous_0)","decl":{"start":{"line":13,"column":20},"end":{"line":13,"column":21}},"loc":{"start":{"line":13,"column":37},"end":{"line":23,"column":3}},"line":13},"1":{"name":"(anonymous_1)","decl":{"start":{"line":25,"column":2},"end":{"line":25,"column":3}},"loc":{"start":{"line":25,"column":11},"end":{"line":81,"column":3}},"line":25},"2":{"name":"(anonymous_2)","decl":{"start":{"line":57,"column":26},"end":{"line":57,"column":27}},"loc":{"start":{"line":58,"column":16},"end":{"line":71,"column":35}},"line":58},"3":{"name":"(anonymous_3)","decl":{"start":{"line":61,"column":27},"end":{"line":61,"column":28}},"loc":{"start":{"line":61,"column":33},"end":{"line":61,"column":66}},"line":61},"4":{"name":"(anonymous_4)","decl":{"start":{"line":73,"column":28},"end":{"line":73,"column":29}},"loc":{"start":{"line":73,"column":36},"end":{"line":73,"column":43}},"line":73},"5":{"name":"(anonymous_5)","decl":{"start":{"line":74,"column":38},"end":{"line":74,"column":39}},"loc":{"start":{"line":74,"column":44},"end":{"line":74,"column":72}},"line":74},"6":{"name":"(anonymous_6)","decl":{"start":{"line":76,"column":82},"end":{"line":76,"column":83}},"loc":{"start":{"line":76,"column":88},"end":{"line":76,"column":105}},"line":76}},"branchMap":{"0":{"loc":{"start":{"line":15,"column":4},"end":{"line":21,"column":5}},"type":"if","locations":[{"start":{"line":15,"column":4},"end":{"line":21,"column":5}},{"start":{"line":19,"column":9},"end":{"line":21,"column":5}}],"line":15},"1":{"loc":{"start":{"line":63,"column":62},"end":{"line":63,"column":115}},"type":"cond-expr","locations":[{"start":{"line":63,"column":88},"end":{"line":63,"column":100}},{"start":{"line":63,"column":103},"end":{"line":63,"column":115}}],"line":63},"2":{"loc":{"start":{"line":65,"column":20},"end":{"line":69,"column":31}},"type":"cond-expr","locations":[{"start":{"line":66,"column":22},"end":{"line":69,"column":24}},{"start":{"line":69,"column":27},"end":{"line":69,"column":31}}],"line":65}},"s":{"0":1,"1":1,"2":0,"3":0,"4":0,"5":0,"6":0,"7":0,"8":1,"9":1,"10":1,"11":0,"12":0,"13":0,"14":0,"15":0,"16":4},"f":{"0":0,"1":1,"2":0,"3":0,"4":0,"5":0,"6":0},"b":{"0":[0,0],"1":[0,0],"2":[0,0]},"_coverageSchema":"1a1c01bbd47fc00a2c39e90264f33305004495a9","hash":"5cd3af29008551df9ea3f696fe8947738ab7065b"}
,"/Users/infi/Desktop/React-Native/Demo/React_task_coco/coco new/src/component/safeAreaView/appRoot.js": {"path":"/Users/infi/Desktop/React-Native/Demo/React_task_coco/coco new/src/component/safeAreaView/appRoot.js","statementMap":{"0":{"start":{"line":3,"column":16},"end":{"line":14,"column":1}},"1":{"start":{"line":4,"column":2},"end":{"line":13,"column":4}}},"fnMap":{"0":{"name":"(anonymous_0)","decl":{"start":{"line":3,"column":16},"end":{"line":3,"column":17}},"loc":{"start":{"line":3,"column":79},"end":{"line":14,"column":1}},"line":3}},"branchMap":{},"s":{"0":4,"1":4},"f":{"0":4},"b":{},"_coverageSchema":"1a1c01bbd47fc00a2c39e90264f33305004495a9","hash":"2574153def07ba0347420dedcf0ef4623a1e411d"}
,"/Users/infi/Desktop/React-Native/Demo/React_task_coco/coco new/src/component/safeAreaView/appSafeAreaView.js": {"path":"/Users/infi/Desktop/React-Native/Demo/React_task_coco/coco new/src/component/safeAreaView/appSafeAreaView.js","statementMap":{"0":{"start":{"line":4,"column":15},"end":{"line":25,"column":2}},"1":{"start":{"line":27,"column":24},"end":{"line":67,"column":1}},"2":{"start":{"line":34,"column":25},"end":{"line":45,"column":3}},"3":{"start":{"line":35,"column":4},"end":{"line":44,"column":6}},"4":{"start":{"line":46,"column":2},"end":{"line":64,"column":3}},"5":{"start":{"line":47,"column":4},"end":{"line":63,"column":6}},"6":{"start":{"line":66,"column":2},"end":{"line":66,"column":33}}},"fnMap":{"0":{"name":"(anonymous_0)","decl":{"start":{"line":27,"column":24},"end":{"line":27,"column":25}},"loc":{"start":{"line":33,"column":6},"end":{"line":67,"column":1}},"line":33},"1":{"name":"(anonymous_1)","decl":{"start":{"line":34,"column":25},"end":{"line":34,"column":26}},"loc":{"start":{"line":34,"column":31},"end":{"line":45,"column":3}},"line":34}},"branchMap":{"0":{"loc":{"start":{"line":31,"column":2},"end":{"line":31,"column":22}},"type":"default-arg","locations":[{"start":{"line":31,"column":18},"end":{"line":31,"column":22}}],"line":31},"1":{"loc":{"start":{"line":32,"column":2},"end":{"line":32,"column":25}},"type":"default-arg","locations":[{"start":{"line":32,"column":18},"end":{"line":32,"column":25}}],"line":32},"2":{"loc":{"start":{"line":38,"column":20},"end":{"line":38,"column":71}},"type":"cond-expr","locations":[{"start":{"line":38,"column":39},"end":{"line":38,"column":54}},{"start":{"line":38,"column":57},"end":{"line":38,"column":71}}],"line":38},"3":{"loc":{"start":{"line":39,"column":18},"end":{"line":39,"column":41}},"type":"cond-expr","locations":[{"start":{"line":39,"column":27},"end":{"line":39,"column":33}},{"start":{"line":39,"column":36},"end":{"line":39,"column":41}}],"line":39},"4":{"loc":{"start":{"line":40,"column":27},"end":{"line":40,"column":74}},"type":"cond-expr","locations":[{"start":{"line":40,"column":46},"end":{"line":40,"column":59}},{"start":{"line":40,"column":62},"end":{"line":40,"column":74}}],"line":40},"5":{"loc":{"start":{"line":46,"column":2},"end":{"line":64,"column":3}},"type":"if","locations":[{"start":{"line":46,"column":2},"end":{"line":64,"column":3}},{"start":{},"end":{}}],"line":46},"6":{"loc":{"start":{"line":52,"column":12},"end":{"line":56,"column":35}},"type":"cond-expr","locations":[{"start":{"line":53,"column":16},"end":{"line":53,"column":36}},{"start":{"line":54,"column":16},"end":{"line":56,"column":35}}],"line":52},"7":{"loc":{"start":{"line":54,"column":16},"end":{"line":56,"column":35}},"type":"cond-expr","locations":[{"start":{"line":55,"column":16},"end":{"line":55,"column":35}},{"start":{"line":56,"column":16},"end":{"line":56,"column":35}}],"line":54}},"s":{"0":4,"1":4,"2":4,"3":4,"4":4,"5":4,"6":0},"f":{"0":4,"1":4},"b":{"0":[4],"1":[4],"2":[0,4],"3":[0,4],"4":[0,4],"5":[4,0],"6":[4,0],"7":[0,0]},"_coverageSchema":"1a1c01bbd47fc00a2c39e90264f33305004495a9","hash":"1a307aac7357f2509d5234f8ba98fb142bc42352"}
,"/Users/infi/Desktop/React-Native/Demo/React_task_coco/coco new/src/component/slider/SliderEntry.js": {"path":"/Users/infi/Desktop/React-Native/Demo/React_task_coco/coco new/src/component/slider/SliderEntry.js","statementMap":{"0":{"start":{"line":9,"column":23},"end":{"line":12,"column":5}},"1":{"start":{"line":15,"column":36},"end":{"line":15,"column":46}},"2":{"start":{"line":17,"column":8},"end":{"line":20,"column":10}},"3":{"start":{"line":25,"column":8},"end":{"line":28,"column":10}},"4":{"start":{"line":32,"column":34},"end":{"line":32,"column":44}},"5":{"start":{"line":33,"column":8},"end":{"line":51,"column":10}}},"fnMap":{"0":{"name":"(anonymous_0)","decl":{"start":{"line":14,"column":4},"end":{"line":14,"column":5}},"loc":{"start":{"line":14,"column":16},"end":{"line":22,"column":5}},"line":14},"1":{"name":"(anonymous_1)","decl":{"start":{"line":24,"column":4},"end":{"line":24,"column":5}},"loc":{"start":{"line":24,"column":22},"end":{"line":29,"column":5}},"line":24},"2":{"name":"(anonymous_2)","decl":{"start":{"line":31,"column":4},"end":{"line":31,"column":5}},"loc":{"start":{"line":31,"column":13},"end":{"line":52,"column":5}},"line":31}},"branchMap":{},"s":{"0":1,"1":0,"2":0,"3":0,"4":0,"5":0},"f":{"0":0,"1":0,"2":0},"b":{},"_coverageSchema":"1a1c01bbd47fc00a2c39e90264f33305004495a9","hash":"f9c5f34f29159573bd985370d9737d5792b85206"}
,"/Users/infi/Desktop/React-Native/Demo/React_task_coco/coco new/src/component/slider/SliderEntry.style.js": {"path":"/Users/infi/Desktop/React-Native/Demo/React_task_coco/coco new/src/component/slider/SliderEntry.style.js","statementMap":{"0":{"start":{"line":6,"column":15},"end":{"line":6,"column":36}},"1":{"start":{"line":8,"column":2},"end":{"line":8,"column":26}},"2":{"start":{"line":11,"column":16},"end":{"line":11,"column":50}},"3":{"start":{"line":12,"column":2},"end":{"line":12,"column":27}},"4":{"start":{"line":15,"column":20},"end":{"line":15,"column":40}},"5":{"start":{"line":16,"column":19},"end":{"line":16,"column":25}},"6":{"start":{"line":17,"column":29},"end":{"line":17,"column":34}},"7":{"start":{"line":19,"column":27},"end":{"line":19,"column":40}},"8":{"start":{"line":20,"column":25},"end":{"line":20,"column":62}},"9":{"start":{"line":22,"column":26},"end":{"line":22,"column":28}}},"fnMap":{"0":{"name":"wp","decl":{"start":{"line":10,"column":9},"end":{"line":10,"column":11}},"loc":{"start":{"line":10,"column":24},"end":{"line":13,"column":1}},"line":10}},"branchMap":{"0":{"loc":{"start":{"line":42,"column":18},"end":{"line":42,"column":33}},"type":"cond-expr","locations":[{"start":{"line":42,"column":27},"end":{"line":42,"column":28}},{"start":{"line":42,"column":31},"end":{"line":42,"column":33}}],"line":42}},"s":{"0":1,"1":1,"2":2,"3":2,"4":1,"5":1,"6":1,"7":1,"8":1,"9":1},"f":{"0":2},"b":{"0":[1,0]},"_coverageSchema":"1a1c01bbd47fc00a2c39e90264f33305004495a9","hash":"fd012c8b55befa1187e2bd53839b5f10862119b4"}
,"/Users/infi/Desktop/React-Native/Demo/React_task_coco/coco new/src/component/slider/index.style.js": {"path":"/Users/infi/Desktop/React-Native/Demo/React_task_coco/coco new/src/component/slider/index.style.js","statementMap":{"0":{"start":{"line":5,"column":22},"end":{"line":10,"column":1}}},"fnMap":{},"branchMap":{},"s":{"0":1},"f":{},"b":{},"_coverageSchema":"1a1c01bbd47fc00a2c39e90264f33305004495a9","hash":"e40eda56c5d51521e5a7c2c0d9b26a7513338624"}
,"/Users/infi/Desktop/React-Native/Demo/React_task_coco/coco new/src/component/text/textView.js": {"path":"/Users/infi/Desktop/React-Native/Demo/React_task_coco/coco new/src/component/text/textView.js","statementMap":{"0":{"start":{"line":5,"column":66},"end":{"line":5,"column":76}},"1":{"start":{"line":6,"column":4},"end":{"line":16,"column":6}}},"fnMap":{"0":{"name":"(anonymous_0)","decl":{"start":{"line":4,"column":2},"end":{"line":4,"column":3}},"loc":{"start":{"line":4,"column":11},"end":{"line":17,"column":3}},"line":4}},"branchMap":{"0":{"loc":{"start":{"line":5,"column":30},"end":{"line":5,"column":51}},"type":"default-arg","locations":[{"start":{"line":5,"column":47},"end":{"line":5,"column":51}}],"line":5},"1":{"loc":{"start":{"line":8,"column":9},"end":{"line":14,"column":9}},"type":"cond-expr","locations":[{"start":{"line":9,"column":10},"end":{"line":9,"column":28}},{"start":{"line":11,"column":10},"end":{"line":13,"column":17}}],"line":8}},"s":{"0":4,"1":4},"f":{"0":4},"b":{"0":[4],"1":[0,4]},"_coverageSchema":"1a1c01bbd47fc00a2c39e90264f33305004495a9","hash":"d6a30752b0e8f35d1953507dfecf96131619d617"}
,"/Users/infi/Desktop/React-Native/Demo/React_task_coco/coco new/src/config/appConstants.js": {"path":"/Users/infi/Desktop/React-Native/Demo/React_task_coco/coco new/src/config/appConstants.js","statementMap":{"0":{"start":{"line":2,"column":22},"end":{"line":2,"column":53}},"1":{"start":{"line":3,"column":21},"end":{"line":3,"column":51}},"2":{"start":{"line":12,"column":18},"end":{"line":20,"column":1}},"3":{"start":{"line":22,"column":15},"end":{"line":38,"column":1}},"4":{"start":{"line":40,"column":15},"end":{"line":56,"column":1}},"5":{"start":{"line":58,"column":15},"end":{"line":67,"column":1}},"6":{"start":{"line":69,"column":14},"end":{"line":69,"column":16}},"7":{"start":{"line":71,"column":18},"end":{"line":98,"column":1}},"8":{"start":{"line":100,"column":16},"end":{"line":107,"column":1}},"9":{"start":{"line":109,"column":19},"end":{"line":109,"column":71}},"10":{"start":{"line":111,"column":15},"end":{"line":140,"column":1}},"11":{"start":{"line":142,"column":24},"end":{"line":168,"column":1}}},"fnMap":{},"branchMap":{},"s":{"0":4,"1":4,"2":4,"3":4,"4":4,"5":4,"6":4,"7":4,"8":4,"9":4,"10":4,"11":4},"f":{},"b":{},"_coverageSchema":"1a1c01bbd47fc00a2c39e90264f33305004495a9","hash":"1c228f4269a4f04d6b6afba92f937f539cf43437"}
,"/Users/infi/Desktop/React-Native/Demo/React_task_coco/coco new/src/list/userList.js": {"path":"/Users/infi/Desktop/React-Native/Demo/React_task_coco/coco new/src/list/userList.js","statementMap":{"0":{"start":{"line":8,"column":10},"end":{"line":31,"column":2}},"1":{"start":{"line":32,"column":17},"end":{"line":61,"column":1}},"2":{"start":{"line":33,"column":19},"end":{"line":33,"column":21}},"3":{"start":{"line":34,"column":2},"end":{"line":38,"column":3}},"4":{"start":{"line":35,"column":4},"end":{"line":37,"column":7}},"5":{"start":{"line":36,"column":6},"end":{"line":36,"column":28}},"6":{"start":{"line":39,"column":2},"end":{"line":60,"column":4}}},"fnMap":{"0":{"name":"(anonymous_0)","decl":{"start":{"line":32,"column":17},"end":{"line":32,"column":18}},"loc":{"start":{"line":32,"column":56},"end":{"line":61,"column":1}},"line":32},"1":{"name":"(anonymous_1)","decl":{"start":{"line":35,"column":28},"end":{"line":35,"column":29}},"loc":{"start":{"line":35,"column":42},"end":{"line":37,"column":5}},"line":35}},"branchMap":{"0":{"loc":{"start":{"line":34,"column":2},"end":{"line":38,"column":3}},"type":"if","locations":[{"start":{"line":34,"column":2},"end":{"line":38,"column":3}},{"start":{},"end":{}}],"line":34},"1":{"loc":{"start":{"line":34,"column":6},"end":{"line":34,"column":29}},"type":"binary-expr","locations":[{"start":{"line":34,"column":6},"end":{"line":34,"column":10}},{"start":{"line":34,"column":14},"end":{"line":34,"column":29}}],"line":34},"2":{"loc":{"start":{"line":40,"column":51},"end":{"line":40,"column":75}},"type":"cond-expr","locations":[{"start":{"line":40,"column":61},"end":{"line":40,"column":65}},{"start":{"line":40,"column":68},"end":{"line":40,"column":75}}],"line":40},"3":{"loc":{"start":{"line":43,"column":45},"end":{"line":43,"column":64}},"type":"cond-expr","locations":[{"start":{"line":43,"column":58},"end":{"line":43,"column":60}},{"start":{"line":43,"column":63},"end":{"line":43,"column":64}}],"line":43},"4":{"loc":{"start":{"line":46,"column":32},"end":{"line":46,"column":67}},"type":"cond-expr","locations":[{"start":{"line":46,"column":43},"end":{"line":46,"column":55}},{"start":{"line":46,"column":58},"end":{"line":46,"column":67}}],"line":46},"5":{"loc":{"start":{"line":47,"column":23},"end":{"line":47,"column":58}},"type":"cond-expr","locations":[{"start":{"line":47,"column":34},"end":{"line":47,"column":46}},{"start":{"line":47,"column":49},"end":{"line":47,"column":58}}],"line":47},"6":{"loc":{"start":{"line":49,"column":9},"end":{"line":57,"column":9}},"type":"binary-expr","locations":[{"start":{"line":49,"column":9},"end":{"line":49,"column":17}},{"start":{"line":50,"column":10},"end":{"line":56,"column":17}}],"line":49},"7":{"loc":{"start":{"line":51,"column":25},"end":{"line":51,"column":46}},"type":"binary-expr","locations":[{"start":{"line":51,"column":25},"end":{"line":51,"column":33}},{"start":{"line":51,"column":37},"end":{"line":51,"column":46}}],"line":51},"8":{"loc":{"start":{"line":53,"column":21},"end":{"line":53,"column":54}},"type":"binary-expr","locations":[{"start":{"line":53,"column":21},"end":{"line":53,"column":29}},{"start":{"line":53,"column":33},"end":{"line":53,"column":54}}],"line":53}},"s":{"0":1,"1":1,"2":0,"3":0,"4":0,"5":0,"6":0},"f":{"0":0,"1":0},"b":{"0":[0,0],"1":[0,0],"2":[0,0],"3":[0,0],"4":[0,0],"5":[0,0],"6":[0,0],"7":[0,0],"8":[0,0]},"_coverageSchema":"1a1c01bbd47fc00a2c39e90264f33305004495a9","hash":"966356a51326dc34326a0494879a54ea1a4747b8"}
,"/Users/infi/Desktop/React-Native/Demo/React_task_coco/coco new/src/pages/account/index.js": {"path":"/Users/infi/Desktop/React-Native/Demo/React_task_coco/coco new/src/pages/account/index.js","statementMap":{"0":{"start":{"line":10,"column":16},"end":{"line":65,"column":1}},"1":{"start":{"line":11,"column":38},"end":{"line":11,"column":53}},"2":{"start":{"line":12,"column":34},"end":{"line":12,"column":46}},"3":{"start":{"line":13,"column":19},"end":{"line":13,"column":37}},"4":{"start":{"line":14,"column":21},"end":{"line":14,"column":39}},"5":{"start":{"line":15,"column":20},"end":{"line":15,"column":40}},"6":{"start":{"line":16,"column":19},"end":{"line":16,"column":32}},"7":{"start":{"line":17,"column":2},"end":{"line":20,"column":9}},"8":{"start":{"line":18,"column":4},"end":{"line":18,"column":25}},"9":{"start":{"line":19,"column":4},"end":{"line":19,"column":30}},"10":{"start":{"line":22,"column":2},"end":{"line":64,"column":4}},"11":{"start":{"line":28,"column":23},"end":{"line":28,"column":42}},"12":{"start":{"line":36,"column":10},"end":{"line":46,"column":17}},"13":{"start":{"line":49,"column":10},"end":{"line":49,"column":25}},"14":{"start":{"line":57,"column":10},"end":{"line":57,"column":32}},"15":{"start":{"line":58,"column":10},"end":{"line":58,"column":31}},"16":{"start":{"line":61,"column":22},"end":{"line":61,"column":42}}},"fnMap":{"0":{"name":"(anonymous_0)","decl":{"start":{"line":10,"column":16},"end":{"line":10,"column":17}},"loc":{"start":{"line":10,"column":22},"end":{"line":65,"column":1}},"line":10},"1":{"name":"(anonymous_1)","decl":{"start":{"line":17,"column":12},"end":{"line":17,"column":13}},"loc":{"start":{"line":17,"column":18},"end":{"line":20,"column":3}},"line":17},"2":{"name":"(anonymous_2)","decl":{"start":{"line":28,"column":17},"end":{"line":28,"column":18}},"loc":{"start":{"line":28,"column":23},"end":{"line":28,"column":42}},"line":28},"3":{"name":"(anonymous_3)","decl":{"start":{"line":35,"column":20},"end":{"line":35,"column":21}},"loc":{"start":{"line":36,"column":10},"end":{"line":46,"column":17}},"line":36},"4":{"name":"(anonymous_4)","decl":{"start":{"line":43,"column":25},"end":{"line":43,"column":26}},"loc":{"start":{"line":43,"column":31},"end":{"line":43,"column":33}},"line":43},"5":{"name":"(anonymous_5)","decl":{"start":{"line":48,"column":22},"end":{"line":48,"column":23}},"loc":{"start":{"line":48,"column":32},"end":{"line":50,"column":9}},"line":48},"6":{"name":"(anonymous_6)","decl":{"start":{"line":56,"column":17},"end":{"line":56,"column":18}},"loc":{"start":{"line":56,"column":31},"end":{"line":59,"column":9}},"line":56},"7":{"name":"(anonymous_7)","decl":{"start":{"line":61,"column":16},"end":{"line":61,"column":17}},"loc":{"start":{"line":61,"column":22},"end":{"line":61,"column":42}},"line":61}},"branchMap":{"0":{"loc":{"start":{"line":37,"column":13},"end":{"line":45,"column":20}},"type":"cond-expr","locations":[{"start":{"line":39,"column":14},"end":{"line":44,"column":16}},{"start":{"line":45,"column":16},"end":{"line":45,"column":20}}],"line":37},"1":{"loc":{"start":{"line":37,"column":13},"end":{"line":38,"column":39}},"type":"binary-expr","locations":[{"start":{"line":37,"column":13},"end":{"line":38,"column":15}},{"start":{"line":38,"column":19},"end":{"line":38,"column":39}}],"line":37}},"s":{"0":1,"1":1,"2":1,"3":1,"4":1,"5":1,"6":1,"7":1,"8":1,"9":1,"10":1,"11":0,"12":0,"13":0,"14":0,"15":0,"16":0},"f":{"0":1,"1":1,"2":0,"3":0,"4":0,"5":0,"6":0,"7":0},"b":{"0":[0,0],"1":[0,0]},"_coverageSchema":"1a1c01bbd47fc00a2c39e90264f33305004495a9","hash":"9ca98e4421fe660b4e6d64b7b79540c146a7fe6e"}
,"/Users/infi/Desktop/React-Native/Demo/React_task_coco/coco new/src/pages/cart/index.js": {"path":"/Users/infi/Desktop/React-Native/Demo/React_task_coco/coco new/src/pages/cart/index.js","statementMap":{"0":{"start":{"line":5,"column":13},"end":{"line":15,"column":1}},"1":{"start":{"line":6,"column":2},"end":{"line":14,"column":4}}},"fnMap":{"0":{"name":"(anonymous_0)","decl":{"start":{"line":5,"column":13},"end":{"line":5,"column":14}},"loc":{"start":{"line":5,"column":19},"end":{"line":15,"column":1}},"line":5},"1":{"name":"(anonymous_1)","decl":{"start":{"line":10,"column":21},"end":{"line":10,"column":22}},"loc":{"start":{"line":10,"column":27},"end":{"line":10,"column":29}},"line":10},"2":{"name":"(anonymous_2)","decl":{"start":{"line":11,"column":20},"end":{"line":11,"column":21}},"loc":{"start":{"line":11,"column":26},"end":{"line":11,"column":28}},"line":11}},"branchMap":{},"s":{"0":1,"1":1},"f":{"0":1,"1":0,"2":0},"b":{},"_coverageSchema":"1a1c01bbd47fc00a2c39e90264f33305004495a9","hash":"c682d4d7fede3852a522ffafd1a0877430a40ab7"}
,"/Users/infi/Desktop/React-Native/Demo/React_task_coco/coco new/src/pages/home/index.js": {"path":"/Users/infi/Desktop/React-Native/Demo/React_task_coco/coco new/src/pages/home/index.js","statementMap":{"0":{"start":{"line":9,"column":13},"end":{"line":57,"column":1}},"1":{"start":{"line":10,"column":16},"end":{"line":10,"column":32}},"2":{"start":{"line":12,"column":33},"end":{"line":21,"column":3}},"3":{"start":{"line":13,"column":4},"end":{"line":20,"column":6}},"4":{"start":{"line":18,"column":23},"end":{"line":18,"column":53}},"5":{"start":{"line":23,"column":2},"end":{"line":56,"column":4}}},"fnMap":{"0":{"name":"(anonymous_0)","decl":{"start":{"line":9,"column":13},"end":{"line":9,"column":14}},"loc":{"start":{"line":9,"column":33},"end":{"line":57,"column":1}},"line":9},"1":{"name":"(anonymous_1)","decl":{"start":{"line":12,"column":33},"end":{"line":12,"column":34}},"loc":{"start":{"line":12,"column":54},"end":{"line":21,"column":3}},"line":12},"2":{"name":"(anonymous_2)","decl":{"start":{"line":18,"column":17},"end":{"line":18,"column":18}},"loc":{"start":{"line":18,"column":23},"end":{"line":18,"column":53}},"line":18},"3":{"name":"(anonymous_3)","decl":{"start":{"line":27,"column":21},"end":{"line":27,"column":22}},"loc":{"start":{"line":27,"column":27},"end":{"line":27,"column":29}},"line":27},"4":{"name":"(anonymous_4)","decl":{"start":{"line":28,"column":20},"end":{"line":28,"column":21}},"loc":{"start":{"line":28,"column":26},"end":{"line":28,"column":28}},"line":28}},"branchMap":{},"s":{"0":1,"1":1,"2":1,"3":0,"4":0,"5":1},"f":{"0":1,"1":0,"2":0,"3":0,"4":0},"b":{},"_coverageSchema":"1a1c01bbd47fc00a2c39e90264f33305004495a9","hash":"dde616938045ca557ee0cea660d236c6d0c5b403"}
,"/Users/infi/Desktop/React-Native/Demo/React_task_coco/coco new/src/pages/menu/index.js": {"path":"/Users/infi/Desktop/React-Native/Demo/React_task_coco/coco new/src/pages/menu/index.js","statementMap":{"0":{"start":{"line":6,"column":13},"end":{"line":16,"column":1}},"1":{"start":{"line":7,"column":2},"end":{"line":15,"column":4}}},"fnMap":{"0":{"name":"(anonymous_0)","decl":{"start":{"line":6,"column":13},"end":{"line":6,"column":14}},"loc":{"start":{"line":6,"column":19},"end":{"line":16,"column":1}},"line":6},"1":{"name":"(anonymous_1)","decl":{"start":{"line":11,"column":21},"end":{"line":11,"column":22}},"loc":{"start":{"line":11,"column":27},"end":{"line":11,"column":29}},"line":11},"2":{"name":"(anonymous_2)","decl":{"start":{"line":12,"column":20},"end":{"line":12,"column":21}},"loc":{"start":{"line":12,"column":26},"end":{"line":12,"column":28}},"line":12}},"branchMap":{},"s":{"0":1,"1":1},"f":{"0":1,"1":0,"2":0},"b":{},"_coverageSchema":"1a1c01bbd47fc00a2c39e90264f33305004495a9","hash":"9ca4137dd55a24cd2e5d014697a8b81179b8e45f"}
,"/Users/infi/Desktop/React-Native/Demo/React_task_coco/coco new/src/redux/actionType.js": {"path":"/Users/infi/Desktop/React-Native/Demo/React_task_coco/coco new/src/redux/actionType.js","statementMap":{"0":{"start":{"line":1,"column":25},"end":{"line":1,"column":36}},"1":{"start":{"line":2,"column":33},"end":{"line":2,"column":52}},"2":{"start":{"line":3,"column":38},"end":{"line":3,"column":62}}},"fnMap":{},"branchMap":{},"s":{"0":1,"1":1,"2":1},"f":{},"b":{},"_coverageSchema":"1a1c01bbd47fc00a2c39e90264f33305004495a9","hash":"c00c7572f8e16a0ea0409fa369176d2c06b9ff81"}
,"/Users/infi/Desktop/React-Native/Demo/React_task_coco/coco new/src/redux/configureStore.js": {"path":"/Users/infi/Desktop/React-Native/Demo/React_task_coco/coco new/src/redux/configureStore.js","statementMap":{"0":{"start":{"line":5,"column":23},"end":{"line":7,"column":1}},"1":{"start":{"line":6,"column":2},"end":{"line":6,"column":58}}},"fnMap":{"0":{"name":"(anonymous_0)","decl":{"start":{"line":5,"column":23},"end":{"line":5,"column":24}},"loc":{"start":{"line":5,"column":29},"end":{"line":7,"column":1}},"line":5}},"branchMap":{},"s":{"0":1,"1":1},"f":{"0":1},"b":{},"_coverageSchema":"1a1c01bbd47fc00a2c39e90264f33305004495a9","hash":"07d242fd1751fcf3c12fc54bc79b45386a018c77"}
,"/Users/infi/Desktop/React-Native/Demo/React_task_coco/coco new/src/redux/actions/homeAction.js": {"path":"/Users/infi/Desktop/React-Native/Demo/React_task_coco/coco new/src/redux/actions/homeAction.js","statementMap":{"0":{"start":{"line":3,"column":24},"end":{"line":17,"column":1}},"1":{"start":{"line":4,"column":2},"end":{"line":16,"column":4}},"2":{"start":{"line":5,"column":4},"end":{"line":15,"column":5}},"3":{"start":{"line":6,"column":6},"end":{"line":6,"column":27}},"4":{"start":{"line":7,"column":6},"end":{"line":12,"column":11}},"5":{"start":{"line":11,"column":10},"end":{"line":11,"column":48}},"6":{"start":{"line":14,"column":6},"end":{"line":14,"column":27}},"7":{"start":{"line":19,"column":29},"end":{"line":32,"column":1}},"8":{"start":{"line":20,"column":2},"end":{"line":31,"column":4}},"9":{"start":{"line":21,"column":4},"end":{"line":30,"column":5}},"10":{"start":{"line":22,"column":6},"end":{"line":27,"column":11}},"11":{"start":{"line":26,"column":10},"end":{"line":26,"column":50}},"12":{"start":{"line":29,"column":6},"end":{"line":29,"column":25}},"13":{"start":{"line":34,"column":24},"end":{"line":36,"column":1}},"14":{"start":{"line":35,"column":2},"end":{"line":35,"column":41}},"15":{"start":{"line":37,"column":27},"end":{"line":39,"column":1}},"16":{"start":{"line":38,"column":2},"end":{"line":38,"column":49}},"17":{"start":{"line":41,"column":29},"end":{"line":43,"column":1}},"18":{"start":{"line":42,"column":2},"end":{"line":42,"column":54}}},"fnMap":{"0":{"name":"(anonymous_0)","decl":{"start":{"line":3,"column":24},"end":{"line":3,"column":25}},"loc":{"start":{"line":3,"column":30},"end":{"line":17,"column":1}},"line":3},"1":{"name":"(anonymous_1)","decl":{"start":{"line":4,"column":9},"end":{"line":4,"column":10}},"loc":{"start":{"line":4,"column":23},"end":{"line":16,"column":3}},"line":4},"2":{"name":"(anonymous_2)","decl":{"start":{"line":10,"column":14},"end":{"line":10,"column":15}},"loc":{"start":{"line":10,"column":28},"end":{"line":12,"column":9}},"line":10},"3":{"name":"(anonymous_3)","decl":{"start":{"line":19,"column":29},"end":{"line":19,"column":30}},"loc":{"start":{"line":19,"column":35},"end":{"line":32,"column":1}},"line":19},"4":{"name":"(anonymous_4)","decl":{"start":{"line":20,"column":9},"end":{"line":20,"column":10}},"loc":{"start":{"line":20,"column":23},"end":{"line":31,"column":3}},"line":20},"5":{"name":"(anonymous_5)","decl":{"start":{"line":25,"column":14},"end":{"line":25,"column":15}},"loc":{"start":{"line":25,"column":28},"end":{"line":27,"column":9}},"line":25},"6":{"name":"(anonymous_6)","decl":{"start":{"line":34,"column":24},"end":{"line":34,"column":25}},"loc":{"start":{"line":34,"column":34},"end":{"line":36,"column":1}},"line":34},"7":{"name":"(anonymous_7)","decl":{"start":{"line":37,"column":27},"end":{"line":37,"column":28}},"loc":{"start":{"line":37,"column":37},"end":{"line":39,"column":1}},"line":37},"8":{"name":"(anonymous_8)","decl":{"start":{"line":41,"column":29},"end":{"line":41,"column":30}},"loc":{"start":{"line":41,"column":39},"end":{"line":43,"column":1}},"line":41}},"branchMap":{},"s":{"0":1,"1":1,"2":1,"3":1,"4":1,"5":0,"6":1,"7":1,"8":1,"9":1,"10":1,"11":0,"12":1,"13":1,"14":2,"15":1,"16":0,"17":1,"18":0},"f":{"0":1,"1":1,"2":0,"3":1,"4":1,"5":0,"6":2,"7":0,"8":0},"b":{},"_coverageSchema":"1a1c01bbd47fc00a2c39e90264f33305004495a9","hash":"79d397871e5a8cf8bc92bb88fe6324103490e7e7"}
,"/Users/infi/Desktop/React-Native/Demo/React_task_coco/coco new/src/redux/reducers/home.js": {"path":"/Users/infi/Desktop/React-Native/Demo/React_task_coco/coco new/src/redux/reducers/home.js","statementMap":{"0":{"start":{"line":3,"column":24},"end":{"line":8,"column":1}},"1":{"start":{"line":9,"column":20},"end":{"line":29,"column":1}},"2":{"start":{"line":10,"column":2},"end":{"line":27,"column":3}},"3":{"start":{"line":12,"column":6},"end":{"line":15,"column":8}},"4":{"start":{"line":17,"column":6},"end":{"line":21,"column":8}},"5":{"start":{"line":23,"column":6},"end":{"line":26,"column":8}},"6":{"start":{"line":28,"column":2},"end":{"line":28,"column":15}}},"fnMap":{"0":{"name":"(anonymous_0)","decl":{"start":{"line":9,"column":20},"end":{"line":9,"column":21}},"loc":{"start":{"line":9,"column":57},"end":{"line":29,"column":1}},"line":9}},"branchMap":{"0":{"loc":{"start":{"line":9,"column":21},"end":{"line":9,"column":44}},"type":"default-arg","locations":[{"start":{"line":9,"column":29},"end":{"line":9,"column":44}}],"line":9},"1":{"loc":{"start":{"line":10,"column":2},"end":{"line":27,"column":3}},"type":"switch","locations":[{"start":{"line":11,"column":4},"end":{"line":15,"column":8}},{"start":{"line":16,"column":4},"end":{"line":21,"column":8}},{"start":{"line":22,"column":4},"end":{"line":26,"column":8}}],"line":10}},"s":{"0":1,"1":1,"2":5,"3":2,"4":0,"5":0,"6":3},"f":{"0":5},"b":{"0":[3],"1":[2,0,0]},"_coverageSchema":"1a1c01bbd47fc00a2c39e90264f33305004495a9","hash":"93e1f50ac83948157f76001a6bbd529989c3d0de"}
,"/Users/infi/Desktop/React-Native/Demo/React_task_coco/coco new/src/redux/reducers/rootReducer.js": {"path":"/Users/infi/Desktop/React-Native/Demo/React_task_coco/coco new/src/redux/reducers/rootReducer.js","statementMap":{"0":{"start":{"line":3,"column":20},"end":{"line":5,"column":2}}},"fnMap":{},"branchMap":{},"s":{"0":1},"f":{},"b":{},"_coverageSchema":"1a1c01bbd47fc00a2c39e90264f33305004495a9","hash":"2821f555f54a4c254b93ddc5e53770187e46b382"}
,"/Users/infi/Desktop/React-Native/Demo/React_task_coco/coco new/src/redux/selectors/homeSelectors.js": {"path":"/Users/infi/Desktop/React-Native/Demo/React_task_coco/coco new/src/redux/selectors/homeSelectors.js","statementMap":{"0":{"start":{"line":1,"column":16},"end":{"line":1,"column":54}},"1":{"start":{"line":1,"column":27},"end":{"line":1,"column":54}},"2":{"start":{"line":2,"column":14},"end":{"line":2,"column":53}},"3":{"start":{"line":2,"column":25},"end":{"line":2,"column":53}},"4":{"start":{"line":3,"column":14},"end":{"line":3,"column":59}},"5":{"start":{"line":3,"column":25},"end":{"line":3,"column":59}}},"fnMap":{"0":{"name":"(anonymous_0)","decl":{"start":{"line":1,"column":16},"end":{"line":1,"column":17}},"loc":{"start":{"line":1,"column":27},"end":{"line":1,"column":54}},"line":1},"1":{"name":"(anonymous_1)","decl":{"start":{"line":2,"column":14},"end":{"line":2,"column":15}},"loc":{"start":{"line":2,"column":25},"end":{"line":2,"column":53}},"line":2},"2":{"name":"(anonymous_2)","decl":{"start":{"line":3,"column":14},"end":{"line":3,"column":15}},"loc":{"start":{"line":3,"column":25},"end":{"line":3,"column":59}},"line":3}},"branchMap":{},"s":{"0":1,"1":3,"2":1,"3":3,"4":1,"5":3},"f":{"0":3,"1":3,"2":3},"b":{},"_coverageSchema":"1a1c01bbd47fc00a2c39e90264f33305004495a9","hash":"6c081a7eca9e8455ab75e40f0a565c7a8f3e8095"}
,"/Users/infi/Desktop/React-Native/Demo/React_task_coco/coco new/src/styles/commonStyle.js": {"path":"/Users/infi/Desktop/React-Native/Demo/React_task_coco/coco new/src/styles/commonStyle.js","statementMap":{"0":{"start":{"line":3,"column":20},"end":{"line":76,"column":2}}},"fnMap":{},"branchMap":{},"s":{"0":4},"f":{},"b":{},"_coverageSchema":"1a1c01bbd47fc00a2c39e90264f33305004495a9","hash":"7148d52908d6e7387f14100bf8b478481232b614"}
}
