TN:
SF:src/assets/back.png
FNF:0
FNH:0
DA:1,4
LF:1
LH:1
BRF:0
BRH:0
end_of_record
TN:
SF:src/assets/blur.png
FNF:0
FNH:0
DA:1,4
LF:1
LH:1
BRF:0
BRH:0
end_of_record
TN:
SF:src/assets/bookmark.png
FNF:0
FNH:0
DA:1,4
LF:1
LH:1
BRF:0
BRH:0
end_of_record
TN:
SF:src/assets/cart.png
FNF:0
FNH:0
DA:1,4
LF:1
LH:1
BRF:0
BRH:0
end_of_record
TN:
SF:src/assets/check.png
FNF:0
FNH:0
DA:1,4
LF:1
LH:1
BRF:0
BRH:0
end_of_record
TN:
SF:src/assets/clock.png
FNF:0
FNH:0
DA:1,4
LF:1
LH:1
BRF:0
BRH:0
end_of_record
TN:
SF:src/assets/close.png
FNF:0
FNH:0
DA:1,4
LF:1
LH:1
BRF:0
BRH:0
end_of_record
TN:
SF:src/assets/filter.png
FNF:0
FNH:0
DA:1,4
LF:1
LH:1
BRF:0
BRH:0
end_of_record
TN:
SF:src/assets/img1.jpg
FNF:0
FNH:0
DA:1,4
LF:1
LH:1
BRF:0
BRH:0
end_of_record
TN:
SF:src/assets/img2.jpg
FNF:0
FNH:0
DA:1,4
LF:1
LH:1
BRF:0
BRH:0
end_of_record
TN:
SF:src/assets/img3.jpeg
FNF:0
FNH:0
DA:1,4
LF:1
LH:1
BRF:0
BRH:0
end_of_record
TN:
SF:src/assets/img4.png
FNF:0
FNH:0
DA:1,4
LF:1
LH:1
BRF:0
BRH:0
end_of_record
TN:
SF:src/assets/location.png
FNF:0
FNH:0
DA:1,4
LF:1
LH:1
BRF:0
BRH:0
end_of_record
TN:
SF:src/assets/menu.png
FNF:0
FNH:0
DA:1,4
LF:1
LH:1
BRF:0
BRH:0
end_of_record
TN:
SF:src/assets/next.png
FNF:0
FNH:0
DA:1,4
LF:1
LH:1
BRF:0
BRH:0
end_of_record
TN:
SF:src/assets/search.png
FNF:0
FNH:0
DA:1,4
LF:1
LH:1
BRF:0
BRH:0
end_of_record
TN:
SF:src/assets/star.png
FNF:0
FNH:0
DA:1,4
LF:1
LH:1
BRF:0
BRH:0
end_of_record
TN:
SF:src/assets/tab1.png
FNF:0
FNH:0
DA:1,4
LF:1
LH:1
BRF:0
BRH:0
end_of_record
TN:
SF:src/assets/tab2.png
FNF:0
FNH:0
DA:1,4
LF:1
LH:1
BRF:0
BRH:0
end_of_record
TN:
SF:src/assets/tab3.png
FNF:0
FNH:0
DA:1,4
LF:1
LH:1
BRF:0
BRH:0
end_of_record
TN:
SF:src/assets/tab4.png
FNF:0
FNH:0
DA:1,4
LF:1
LH:1
BRF:0
BRH:0
end_of_record
TN:
SF:src/assets/user.png
FNF:0
FNH:0
DA:1,4
LF:1
LH:1
BRF:0
BRH:0
end_of_record
TN:
SF:src/component/index.js
FNF:0
FNH:0
LF:0
LH:0
BRF:0
BRH:0
end_of_record
TN:
SF:src/component/button/button.js
FN:28,(anonymous_0)
FN:46,(anonymous_1)
FNF:2
FNH:0
FNDA:0,(anonymous_0)
FNDA:0,(anonymous_1)
DA:6,4
DA:38,0
DA:39,0
DA:47,0
DA:69,4
DA:77,4
LF:6
LH:3
BRDA:42,0,0,0
BRDA:42,0,1,0
BRDA:44,1,0,0
BRDA:44,1,1,0
BRDA:51,2,0,0
BRDA:51,2,1,0
BRDA:56,3,0,0
BRDA:56,3,1,0
BRDA:60,4,0,0
BRDA:60,4,1,0
BRF:10
BRH:0
end_of_record
TN:
SF:src/component/header/header.js
FN:29,(anonymous_0)
FN:38,(anonymous_1)
FN:51,(anonymous_2)
FNF:3
FNH:1
FNDA:3,(anonymous_0)
FNDA:0,(anonymous_1)
FNDA:0,(anonymous_2)
DA:7,4
DA:29,4
DA:30,3
DA:39,0
DA:52,0
LF:5
LH:3
BRDA:32,0,0,3
BRDA:32,0,1,3
BRDA:44,1,0,3
BRDA:44,1,1,3
BRDA:45,2,0,3
BRDA:45,2,1,3
BRF:6
BRH:6
end_of_record
TN:
SF:src/component/image/image.js
FN:4,(anonymous_0)
FNF:1
FNH:1
FNDA:6,(anonymous_0)
DA:5,6
DA:7,6
LF:2
LH:2
BRDA:5,0,0,0
BRF:1
BRH:0
end_of_record
TN:
SF:src/component/image/imageBackground.js
FN:6,(anonymous_0)
FN:13,(anonymous_1)
FN:19,(anonymous_2)
FNF:3
FNH:0
FNDA:0,(anonymous_0)
FNDA:0,(anonymous_1)
FNDA:0,(anonymous_2)
DA:4,0
DA:5,0
DA:6,0
DA:7,0
DA:13,0
DA:14,0
DA:28,0
DA:29,0
LF:8
LH:0
BRDA:22,0,0,0
BRDA:26,1,0,0
BRDA:34,2,0,0
BRDA:34,2,1,0
BRF:4
BRH:0
end_of_record
TN:
SF:src/component/image/imageButton.js
FN:7,(anonymous_0)
FN:32,(anonymous_1)
FNF:2
FNH:1
FNDA:6,(anonymous_0)
FNDA:0,(anonymous_1)
DA:24,6
DA:25,6
DA:32,0
LF:3
LH:2
BRDA:18,0,0,0
BRDA:22,1,0,6
BRDA:36,2,0,0
BRDA:36,2,1,6
BRDA:40,3,0,0
BRDA:40,3,1,0
BRDA:44,4,0,0
BRDA:44,4,1,6
BRDA:51,5,0,0
BRDA:51,5,1,6
BRF:10
BRH:4
end_of_record
TN:
SF:src/component/input/searchbar.js
FN:32,(anonymous_0)
FNF:1
FNH:1
FNDA:2,(anonymous_0)
DA:12,4
DA:32,4
DA:33,2
DA:34,2
DA:35,2
LF:5
LH:5
BRDA:34,0,0,2
BRDA:34,0,1,0
BRF:2
BRH:1
end_of_record
TN:
SF:src/component/modal/multiSelect.js
FN:13,(anonymous_0)
FN:25,(anonymous_1)
FN:57,(anonymous_2)
FN:61,(anonymous_3)
FN:73,(anonymous_4)
FN:74,(anonymous_5)
FN:76,(anonymous_6)
FNF:7
FNH:1
FNDA:0,(anonymous_0)
FNDA:1,(anonymous_1)
FNDA:0,(anonymous_2)
FNDA:0,(anonymous_3)
FNDA:0,(anonymous_4)
FNDA:0,(anonymous_5)
FNDA:0,(anonymous_6)
DA:9,1
DA:13,1
DA:14,0
DA:15,0
DA:16,0
DA:17,0
DA:20,0
DA:22,0
DA:26,1
DA:27,1
DA:28,1
DA:58,0
DA:61,0
DA:73,0
DA:74,0
DA:76,0
DA:84,4
LF:17
LH:6
BRDA:15,0,0,0
BRDA:15,0,1,0
BRDA:63,1,0,0
BRDA:63,1,1,0
BRDA:65,2,0,0
BRDA:65,2,1,0
BRF:6
BRH:0
end_of_record
TN:
SF:src/component/safeAreaView/appRoot.js
FN:3,(anonymous_0)
FNF:1
FNH:1
FNDA:4,(anonymous_0)
DA:3,4
DA:4,4
LF:2
LH:2
BRF:0
BRH:0
end_of_record
TN:
SF:src/component/safeAreaView/appSafeAreaView.js
FN:27,(anonymous_0)
FN:34,(anonymous_1)
FNF:2
FNH:2
FNDA:4,(anonymous_0)
FNDA:4,(anonymous_1)
DA:4,4
DA:27,4
DA:34,4
DA:35,4
DA:46,4
DA:47,4
DA:66,0
LF:7
LH:6
BRDA:31,0,0,4
BRDA:32,1,0,4
BRDA:38,2,0,0
BRDA:38,2,1,4
BRDA:39,3,0,0
BRDA:39,3,1,4
BRDA:40,4,0,0
BRDA:40,4,1,4
BRDA:46,5,0,4
BRDA:46,5,1,0
BRDA:52,6,0,4
BRDA:52,6,1,0
BRDA:54,7,0,0
BRDA:54,7,1,0
BRF:14
BRH:7
end_of_record
TN:
SF:src/component/slider/SliderEntry.js
FN:14,(anonymous_0)
FN:24,(anonymous_1)
FN:31,(anonymous_2)
FNF:3
FNH:0
FNDA:0,(anonymous_0)
FNDA:0,(anonymous_1)
FNDA:0,(anonymous_2)
DA:9,1
DA:15,0
DA:17,0
DA:25,0
DA:32,0
DA:33,0
LF:6
LH:1
BRF:0
BRH:0
end_of_record
TN:
SF:src/component/slider/SliderEntry.style.js
FN:10,wp
FNF:1
FNH:1
FNDA:2,wp
DA:6,1
DA:8,1
DA:11,2
DA:12,2
DA:15,1
DA:16,1
DA:17,1
DA:19,1
DA:20,1
DA:22,1
LF:10
LH:10
BRDA:42,0,0,1
BRDA:42,0,1,0
BRF:2
BRH:1
end_of_record
TN:
SF:src/component/slider/index.style.js
FNF:0
FNH:0
DA:5,1
LF:1
LH:1
BRF:0
BRH:0
end_of_record
TN:
SF:src/component/text/textView.js
FN:4,(anonymous_0)
FNF:1
FNH:1
FNDA:4,(anonymous_0)
DA:5,4
DA:6,4
LF:2
LH:2
BRDA:5,0,0,4
BRDA:8,1,0,0
BRDA:8,1,1,4
BRF:3
BRH:2
end_of_record
TN:
SF:src/config/appConstants.js
FNF:0
FNH:0
DA:2,4
DA:3,4
DA:12,4
DA:22,4
DA:40,4
DA:58,4
DA:69,4
DA:71,4
DA:100,4
DA:109,4
DA:111,4
DA:142,4
LF:12
LH:12
BRF:0
BRH:0
end_of_record
TN:
SF:src/list/userList.js
FN:32,(anonymous_0)
FN:35,(anonymous_1)
FNF:2
FNH:0
FNDA:0,(anonymous_0)
FNDA:0,(anonymous_1)
DA:8,1
DA:32,1
DA:33,0
DA:34,0
DA:35,0
DA:36,0
DA:39,0
LF:7
LH:2
BRDA:34,0,0,0
BRDA:34,0,1,0
BRDA:34,1,0,0
BRDA:34,1,1,0
BRDA:40,2,0,0
BRDA:40,2,1,0
BRDA:43,3,0,0
BRDA:43,3,1,0
BRDA:46,4,0,0
BRDA:46,4,1,0
BRDA:47,5,0,0
BRDA:47,5,1,0
BRDA:49,6,0,0
BRDA:49,6,1,0
BRDA:51,7,0,0
BRDA:51,7,1,0
BRDA:53,8,0,0
BRDA:53,8,1,0
BRF:18
BRH:0
end_of_record
TN:
SF:src/pages/account/index.js
FN:10,(anonymous_0)
FN:17,(anonymous_1)
FN:28,(anonymous_2)
FN:35,(anonymous_3)
FN:43,(anonymous_4)
FN:48,(anonymous_5)
FN:56,(anonymous_6)
FN:61,(anonymous_7)
FNF:8
FNH:2
FNDA:1,(anonymous_0)
FNDA:1,(anonymous_1)
FNDA:0,(anonymous_2)
FNDA:0,(anonymous_3)
FNDA:0,(anonymous_4)
FNDA:0,(anonymous_5)
FNDA:0,(anonymous_6)
FNDA:0,(anonymous_7)
DA:10,1
DA:11,1
DA:12,1
DA:13,1
DA:14,1
DA:15,1
DA:16,1
DA:17,1
DA:18,1
DA:19,1
DA:22,1
DA:28,0
DA:36,0
DA:49,0
DA:57,0
DA:58,0
DA:61,0
LF:17
LH:11
BRDA:37,0,0,0
BRDA:37,0,1,0
BRDA:37,1,0,0
BRDA:37,1,1,0
BRF:4
BRH:0
end_of_record
TN:
SF:src/pages/cart/index.js
FN:5,(anonymous_0)
FN:10,(anonymous_1)
FN:11,(anonymous_2)
FNF:3
FNH:1
FNDA:1,(anonymous_0)
FNDA:0,(anonymous_1)
FNDA:0,(anonymous_2)
DA:5,1
DA:6,1
LF:2
LH:2
BRF:0
BRH:0
end_of_record
TN:
SF:src/pages/home/index.js
FN:9,(anonymous_0)
FN:12,(anonymous_1)
FN:18,(anonymous_2)
FN:27,(anonymous_3)
FN:28,(anonymous_4)
FNF:5
FNH:1
FNDA:1,(anonymous_0)
FNDA:0,(anonymous_1)
FNDA:0,(anonymous_2)
FNDA:0,(anonymous_3)
FNDA:0,(anonymous_4)
DA:9,1
DA:10,1
DA:12,1
DA:13,0
DA:18,0
DA:23,1
LF:6
LH:4
BRF:0
BRH:0
end_of_record
TN:
SF:src/pages/menu/index.js
FN:6,(anonymous_0)
FN:11,(anonymous_1)
FN:12,(anonymous_2)
FNF:3
FNH:1
FNDA:1,(anonymous_0)
FNDA:0,(anonymous_1)
FNDA:0,(anonymous_2)
DA:6,1
DA:7,1
LF:2
LH:2
BRF:0
BRH:0
end_of_record
TN:
SF:src/redux/actionType.js
FNF:0
FNH:0
DA:1,1
DA:2,1
DA:3,1
LF:3
LH:3
BRF:0
BRH:0
end_of_record
TN:
SF:src/redux/configureStore.js
FN:5,(anonymous_0)
FNF:1
FNH:1
FNDA:1,(anonymous_0)
DA:5,1
DA:6,1
LF:2
LH:2
BRF:0
BRH:0
end_of_record
TN:
SF:src/redux/actions/homeAction.js
FN:3,(anonymous_0)
FN:4,(anonymous_1)
FN:10,(anonymous_2)
FN:19,(anonymous_3)
FN:20,(anonymous_4)
FN:25,(anonymous_5)
FN:34,(anonymous_6)
FN:37,(anonymous_7)
FN:41,(anonymous_8)
FNF:9
FNH:5
FNDA:1,(anonymous_0)
FNDA:1,(anonymous_1)
FNDA:0,(anonymous_2)
FNDA:1,(anonymous_3)
FNDA:1,(anonymous_4)
FNDA:0,(anonymous_5)
FNDA:2,(anonymous_6)
FNDA:0,(anonymous_7)
FNDA:0,(anonymous_8)
DA:3,1
DA:4,1
DA:5,1
DA:6,1
DA:7,1
DA:11,0
DA:14,1
DA:19,1
DA:20,1
DA:21,1
DA:22,1
DA:26,0
DA:29,1
DA:34,1
DA:35,2
DA:37,1
DA:38,0
DA:41,1
DA:42,0
LF:19
LH:15
BRF:0
BRH:0
end_of_record
TN:
SF:src/redux/reducers/home.js
FN:9,(anonymous_0)
FNF:1
FNH:1
FNDA:5,(anonymous_0)
DA:3,1
DA:9,1
DA:10,5
DA:12,2
DA:17,0
DA:23,0
DA:28,3
LF:7
LH:5
BRDA:9,0,0,3
BRDA:10,1,0,2
BRDA:10,1,1,0
BRDA:10,1,2,0
BRF:4
BRH:2
end_of_record
TN:
SF:src/redux/reducers/rootReducer.js
FNF:0
FNH:0
DA:3,1
LF:1
LH:1
BRF:0
BRH:0
end_of_record
TN:
SF:src/redux/selectors/homeSelectors.js
FN:1,(anonymous_0)
FN:2,(anonymous_1)
FN:3,(anonymous_2)
FNF:3
FNH:3
FNDA:3,(anonymous_0)
FNDA:3,(anonymous_1)
FNDA:3,(anonymous_2)
DA:1,3
DA:2,3
DA:3,3
LF:3
LH:3
BRF:0
BRH:0
end_of_record
TN:
SF:src/styles/commonStyle.js
FNF:0
FNH:0
DA:3,4
LF:1
LH:1
BRF:0
BRH:0
end_of_record
